running egg_info
writing ../build/data_process_node/data_process_node.egg-info/PKG-INFO
writing dependency_links to ../build/data_process_node/data_process_node.egg-info/dependency_links.txt
writing entry points to ../build/data_process_node/data_process_node.egg-info/entry_points.txt
writing requirements to ../build/data_process_node/data_process_node.egg-info/requires.txt
writing top-level names to ../build/data_process_node/data_process_node.egg-info/top_level.txt
reading manifest file '../build/data_process_node/data_process_node.egg-info/SOURCES.txt'
writing manifest file '../build/data_process_node/data_process_node.egg-info/SOURCES.txt'
running build
running build_py
copying data_process_node/data_process.py -> /ros_bridge/src/build/data_process_node/build/lib/data_process_node
running install
running install_lib
copying /ros_bridge/src/build/data_process_node/build/lib/data_process_node/data_process.py -> /ros_bridge/src/install/data_process_node/lib/python3.8/site-packages/data_process_node
byte-compiling /ros_bridge/src/install/data_process_node/lib/python3.8/site-packages/data_process_node/data_process.py to data_process.cpython-38.pyc
running install_data
running install_egg_info
removing '/ros_bridge/src/install/data_process_node/lib/python3.8/site-packages/data_process_node-0.0.0-py3.8.egg-info' (and everything under it)
Copying ../build/data_process_node/data_process_node.egg-info to /ros_bridge/src/install/data_process_node/lib/python3.8/site-packages/data_process_node-0.0.0-py3.8.egg-info
running install_scripts
Installing data_process script to /ros_bridge/src/install/data_process_node/lib/data_process_node
writing list of installed files to '/ros_bridge/src/build/data_process_node/install.log'
