[1.469s] Invoking command in '/ros_bridge/src/data_process_node': PYTHONPATH=/ros_bridge/src/build/data_process_node/prefix_override:/ros_bridge/src/install/data_process_node/lib/python3.8/site-packages:${PYTHONPATH} /usr/bin/python3 setup.py egg_info --egg-base ../build/data_process_node build --build-base /ros_bridge/src/build/data_process_node/build install --record /ros_bridge/src/build/data_process_node/install.log --single-version-externally-managed
[1.648s] running egg_info
[1.648s] writing ../build/data_process_node/data_process_node.egg-info/PKG-INFO
[1.648s] writing dependency_links to ../build/data_process_node/data_process_node.egg-info/dependency_links.txt
[1.648s] writing entry points to ../build/data_process_node/data_process_node.egg-info/entry_points.txt
[1.648s] writing requirements to ../build/data_process_node/data_process_node.egg-info/requires.txt
[1.648s] writing top-level names to ../build/data_process_node/data_process_node.egg-info/top_level.txt
[1.676s] reading manifest file '../build/data_process_node/data_process_node.egg-info/SOURCES.txt'
[1.678s] writing manifest file '../build/data_process_node/data_process_node.egg-info/SOURCES.txt'
[1.682s] running build
[1.683s] running build_py
[1.683s] copying data_process_node/data_process.py -> /ros_bridge/src/build/data_process_node/build/lib/data_process_node
[1.683s] running install
[1.683s] running install_lib
[1.683s] copying /ros_bridge/src/build/data_process_node/build/lib/data_process_node/data_process.py -> /ros_bridge/src/install/data_process_node/lib/python3.8/site-packages/data_process_node
[1.683s] byte-compiling /ros_bridge/src/install/data_process_node/lib/python3.8/site-packages/data_process_node/data_process.py to data_process.cpython-38.pyc
[1.683s] running install_data
[1.683s] running install_egg_info
[1.683s] removing '/ros_bridge/src/install/data_process_node/lib/python3.8/site-packages/data_process_node-0.0.0-py3.8.egg-info' (and everything under it)
[1.683s] Copying ../build/data_process_node/data_process_node.egg-info to /ros_bridge/src/install/data_process_node/lib/python3.8/site-packages/data_process_node-0.0.0-py3.8.egg-info
[1.684s] running install_scripts
[1.699s] Installing data_process script to /ros_bridge/src/install/data_process_node/lib/data_process_node
[1.699s] writing list of installed files to '/ros_bridge/src/build/data_process_node/install.log'
[1.740s] Invoked command in '/ros_bridge/src/data_process_node' returned '0': PYTHONPATH=/ros_bridge/src/build/data_process_node/prefix_override:/ros_bridge/src/install/data_process_node/lib/python3.8/site-packages:${PYTHONPATH} /usr/bin/python3 setup.py egg_info --egg-base ../build/data_process_node build --build-base /ros_bridge/src/build/data_process_node/build install --record /ros_bridge/src/build/data_process_node/install.log --single-version-externally-managed
