[0.297s] DEBUG:colcon:Command line arguments: ['/usr/bin/colcon', 'build']
[0.297s] DEBUG:colcon:Parsed command line arguments: Namespace(ament_cmake_args=None, base_paths=['.'], build_base='build', catkin_cmake_args=None, catkin_skip_building_tests=False, cmake_args=None, cmake_clean_cache=False, cmake_clean_first=False, cmake_force_configure=False, cmake_target=None, cmake_target_skip_unavailable=False, continue_on_error=False, event_handlers=None, executor='parallel', ignore_user_meta=False, install_base='install', log_base=None, log_level=None, main=<bound method BuildVerb.main of <colcon_core.verb.build.BuildVerb object at 0x7fafa60ffbe0>>, merge_install=False, metas=['./colcon.meta'], mixin=None, mixin_files=None, mixin_verb=('build',), packages_above=None, packages_above_and_dependencies=None, packages_above_depth=None, packages_end=None, packages_ignore=None, packages_ignore_regex=None, packages_select=None, packages_select_build_failed=False, packages_select_by_dep=None, packages_select_regex=None, packages_select_test_failures=False, packages_skip=None, packages_skip_build_finished=False, packages_skip_by_dep=None, packages_skip_regex=None, packages_skip_test_passed=False, packages_skip_up_to=None, packages_start=None, packages_up_to=None, packages_up_to_regex=None, parallel_workers=8, paths=None, symlink_install=False, test_result_base=None, verb_extension=<colcon_core.verb.build.BuildVerb object at 0x7fafa60ffbe0>, verb_name='build', verb_parser=<colcon_mixin.mixin.mixin_argument.MixinArgumentDecorator object at 0x7fafa610b1f0>)
[0.322s] Level 1:colcon.colcon_core.package_discovery:discover_packages(colcon_meta) check parameters
[0.323s] INFO:colcon.colcon_metadata.package_discovery.colcon_meta:Using configuration from '/root/.colcon/metadata/default/Gazebo.meta'
[0.323s] INFO:colcon.colcon_metadata.package_discovery.colcon_meta:Using configuration from '/root/.colcon/metadata/default/fastrtps.meta'
[0.323s] Level 1:colcon.colcon_core.package_discovery:discover_packages(recursive) check parameters
[0.323s] Level 1:colcon.colcon_core.package_discovery:discover_packages(ignore) check parameters
[0.323s] Level 1:colcon.colcon_core.package_discovery:discover_packages(path) check parameters
[0.323s] Level 1:colcon.colcon_core.package_discovery:discover_packages(colcon_meta) discover
[0.323s] Level 1:colcon.colcon_core.package_discovery:discover_packages(recursive) discover
[0.323s] INFO:colcon.colcon_core.package_discovery:Crawling recursively for packages in '/ros_bridge/src'
[0.324s] Level 1:colcon.colcon_core.package_identification:_identify(.) by extensions ['ignore', 'ignore_ament_install']
[0.324s] Level 1:colcon.colcon_core.package_identification:_identify(.) by extension 'ignore'
[0.324s] Level 1:colcon.colcon_core.package_identification:_identify(.) by extension 'ignore_ament_install'
[0.324s] Level 1:colcon.colcon_core.package_identification:_identify(.) by extensions ['colcon_pkg']
[0.324s] Level 1:colcon.colcon_core.package_identification:_identify(.) by extension 'colcon_pkg'
[0.324s] Level 1:colcon.colcon_core.package_identification:_identify(.) by extensions ['colcon_meta']
[0.324s] Level 1:colcon.colcon_core.package_identification:_identify(.) by extension 'colcon_meta'
[0.324s] Level 1:colcon.colcon_core.package_identification:_identify(.) by extensions ['ros']
[0.324s] Level 1:colcon.colcon_core.package_identification:_identify(.) by extension 'ros'
[0.352s] Level 1:colcon.colcon_core.package_identification:_identify(.) by extensions ['cmake', 'python']
[0.352s] Level 1:colcon.colcon_core.package_identification:_identify(.) by extension 'cmake'
[0.352s] Level 1:colcon.colcon_core.package_identification:_identify(.) by extension 'python'
[0.352s] Level 1:colcon.colcon_core.package_identification:_identify(.) by extensions ['python_setup_py']
[0.352s] Level 1:colcon.colcon_core.package_identification:_identify(.) by extension 'python_setup_py'
[0.352s] Level 1:colcon.colcon_core.package_identification:_identify(build) by extensions ['ignore', 'ignore_ament_install']
[0.352s] Level 1:colcon.colcon_core.package_identification:_identify(build) by extension 'ignore'
[0.352s] Level 1:colcon.colcon_core.package_identification:_identify(build) ignored
[0.352s] Level 1:colcon.colcon_core.package_identification:_identify(carla_data) by extensions ['ignore', 'ignore_ament_install']
[0.352s] Level 1:colcon.colcon_core.package_identification:_identify(carla_data) by extension 'ignore'
[0.352s] Level 1:colcon.colcon_core.package_identification:_identify(carla_data) by extension 'ignore_ament_install'
[0.352s] Level 1:colcon.colcon_core.package_identification:_identify(carla_data) by extensions ['colcon_pkg']
[0.352s] Level 1:colcon.colcon_core.package_identification:_identify(carla_data) by extension 'colcon_pkg'
[0.352s] Level 1:colcon.colcon_core.package_identification:_identify(carla_data) by extensions ['colcon_meta']
[0.352s] Level 1:colcon.colcon_core.package_identification:_identify(carla_data) by extension 'colcon_meta'
[0.353s] Level 1:colcon.colcon_core.package_identification:_identify(carla_data) by extensions ['ros']
[0.353s] Level 1:colcon.colcon_core.package_identification:_identify(carla_data) by extension 'ros'
[0.353s] Level 1:colcon.colcon_core.package_identification:_identify(carla_data) by extensions ['cmake', 'python']
[0.353s] Level 1:colcon.colcon_core.package_identification:_identify(carla_data) by extension 'cmake'
[0.353s] Level 1:colcon.colcon_core.package_identification:_identify(carla_data) by extension 'python'
[0.353s] Level 1:colcon.colcon_core.package_identification:_identify(carla_data) by extensions ['python_setup_py']
[0.353s] Level 1:colcon.colcon_core.package_identification:_identify(carla_data) by extension 'python_setup_py'
[0.353s] Level 1:colcon.colcon_core.package_identification:_identify(client_node) by extensions ['ignore', 'ignore_ament_install']
[0.353s] Level 1:colcon.colcon_core.package_identification:_identify(client_node) by extension 'ignore'
[0.353s] Level 1:colcon.colcon_core.package_identification:_identify(client_node) by extension 'ignore_ament_install'
[0.353s] Level 1:colcon.colcon_core.package_identification:_identify(client_node) by extensions ['colcon_pkg']
[0.353s] Level 1:colcon.colcon_core.package_identification:_identify(client_node) by extension 'colcon_pkg'
[0.353s] Level 1:colcon.colcon_core.package_identification:_identify(client_node) by extensions ['colcon_meta']
[0.353s] Level 1:colcon.colcon_core.package_identification:_identify(client_node) by extension 'colcon_meta'
[0.353s] Level 1:colcon.colcon_core.package_identification:_identify(client_node) by extensions ['ros']
[0.353s] Level 1:colcon.colcon_core.package_identification:_identify(client_node) by extension 'ros'
[0.356s] DEBUG:colcon.colcon_core.package_identification:Package 'client_node' with type 'ros.ament_python' and name 'client_node'
[0.356s] Level 1:colcon.colcon_core.package_identification:_identify(data_collector_node) by extensions ['ignore', 'ignore_ament_install']
[0.356s] Level 1:colcon.colcon_core.package_identification:_identify(data_collector_node) by extension 'ignore'
[0.356s] Level 1:colcon.colcon_core.package_identification:_identify(data_collector_node) by extension 'ignore_ament_install'
[0.356s] Level 1:colcon.colcon_core.package_identification:_identify(data_collector_node) by extensions ['colcon_pkg']
[0.356s] Level 1:colcon.colcon_core.package_identification:_identify(data_collector_node) by extension 'colcon_pkg'
[0.356s] Level 1:colcon.colcon_core.package_identification:_identify(data_collector_node) by extensions ['colcon_meta']
[0.356s] Level 1:colcon.colcon_core.package_identification:_identify(data_collector_node) by extension 'colcon_meta'
[0.356s] Level 1:colcon.colcon_core.package_identification:_identify(data_collector_node) by extensions ['ros']
[0.356s] Level 1:colcon.colcon_core.package_identification:_identify(data_collector_node) by extension 'ros'
[0.357s] DEBUG:colcon.colcon_core.package_identification:Package 'data_collector_node' with type 'ros.ament_python' and name 'data_collector_node'
[0.357s] Level 1:colcon.colcon_core.package_identification:_identify(data_process_node) by extensions ['ignore', 'ignore_ament_install']
[0.357s] Level 1:colcon.colcon_core.package_identification:_identify(data_process_node) by extension 'ignore'
[0.357s] Level 1:colcon.colcon_core.package_identification:_identify(data_process_node) by extension 'ignore_ament_install'
[0.357s] Level 1:colcon.colcon_core.package_identification:_identify(data_process_node) by extensions ['colcon_pkg']
[0.357s] Level 1:colcon.colcon_core.package_identification:_identify(data_process_node) by extension 'colcon_pkg'
[0.357s] Level 1:colcon.colcon_core.package_identification:_identify(data_process_node) by extensions ['colcon_meta']
[0.357s] Level 1:colcon.colcon_core.package_identification:_identify(data_process_node) by extension 'colcon_meta'
[0.357s] Level 1:colcon.colcon_core.package_identification:_identify(data_process_node) by extensions ['ros']
[0.357s] Level 1:colcon.colcon_core.package_identification:_identify(data_process_node) by extension 'ros'
[0.358s] DEBUG:colcon.colcon_core.package_identification:Package 'data_process_node' with type 'ros.ament_python' and name 'data_process_node'
[0.358s] Level 1:colcon.colcon_core.package_identification:_identify(install) by extensions ['ignore', 'ignore_ament_install']
[0.358s] Level 1:colcon.colcon_core.package_identification:_identify(install) by extension 'ignore'
[0.358s] Level 1:colcon.colcon_core.package_identification:_identify(install) ignored
[0.358s] Level 1:colcon.colcon_core.package_identification:_identify(log) by extensions ['ignore', 'ignore_ament_install']
[0.358s] Level 1:colcon.colcon_core.package_identification:_identify(log) by extension 'ignore'
[0.358s] Level 1:colcon.colcon_core.package_identification:_identify(log) ignored
[0.358s] Level 1:colcon.colcon_core.package_identification:_identify(map_loader) by extensions ['ignore', 'ignore_ament_install']
[0.358s] Level 1:colcon.colcon_core.package_identification:_identify(map_loader) by extension 'ignore'
[0.358s] Level 1:colcon.colcon_core.package_identification:_identify(map_loader) by extension 'ignore_ament_install'
[0.358s] Level 1:colcon.colcon_core.package_identification:_identify(map_loader) by extensions ['colcon_pkg']
[0.358s] Level 1:colcon.colcon_core.package_identification:_identify(map_loader) by extension 'colcon_pkg'
[0.358s] Level 1:colcon.colcon_core.package_identification:_identify(map_loader) by extensions ['colcon_meta']
[0.358s] Level 1:colcon.colcon_core.package_identification:_identify(map_loader) by extension 'colcon_meta'
[0.358s] Level 1:colcon.colcon_core.package_identification:_identify(map_loader) by extensions ['ros']
[0.358s] Level 1:colcon.colcon_core.package_identification:_identify(map_loader) by extension 'ros'
[0.359s] DEBUG:colcon.colcon_core.package_identification:Package 'map_loader' with type 'ros.ament_python' and name 'map_loader'
[0.359s] Level 1:colcon.colcon_core.package_identification:_identify(ros_bridge_launch) by extensions ['ignore', 'ignore_ament_install']
[0.359s] Level 1:colcon.colcon_core.package_identification:_identify(ros_bridge_launch) by extension 'ignore'
[0.359s] Level 1:colcon.colcon_core.package_identification:_identify(ros_bridge_launch) by extension 'ignore_ament_install'
[0.359s] Level 1:colcon.colcon_core.package_identification:_identify(ros_bridge_launch) by extensions ['colcon_pkg']
[0.359s] Level 1:colcon.colcon_core.package_identification:_identify(ros_bridge_launch) by extension 'colcon_pkg'
[0.359s] Level 1:colcon.colcon_core.package_identification:_identify(ros_bridge_launch) by extensions ['colcon_meta']
[0.359s] Level 1:colcon.colcon_core.package_identification:_identify(ros_bridge_launch) by extension 'colcon_meta'
[0.359s] Level 1:colcon.colcon_core.package_identification:_identify(ros_bridge_launch) by extensions ['ros']
[0.359s] Level 1:colcon.colcon_core.package_identification:_identify(ros_bridge_launch) by extension 'ros'
[0.360s] DEBUG:colcon.colcon_core.package_identification:Package 'ros_bridge_launch' with type 'ros.ament_python' and name 'ros_bridge_launch'
[0.360s] Level 1:colcon.colcon_core.package_identification:_identify(sensors_data) by extensions ['ignore', 'ignore_ament_install']
[0.360s] Level 1:colcon.colcon_core.package_identification:_identify(sensors_data) by extension 'ignore'
[0.360s] Level 1:colcon.colcon_core.package_identification:_identify(sensors_data) by extension 'ignore_ament_install'
[0.360s] Level 1:colcon.colcon_core.package_identification:_identify(sensors_data) by extensions ['colcon_pkg']
[0.360s] Level 1:colcon.colcon_core.package_identification:_identify(sensors_data) by extension 'colcon_pkg'
[0.360s] Level 1:colcon.colcon_core.package_identification:_identify(sensors_data) by extensions ['colcon_meta']
[0.360s] Level 1:colcon.colcon_core.package_identification:_identify(sensors_data) by extension 'colcon_meta'
[0.360s] Level 1:colcon.colcon_core.package_identification:_identify(sensors_data) by extensions ['ros']
[0.360s] Level 1:colcon.colcon_core.package_identification:_identify(sensors_data) by extension 'ros'
[0.361s] DEBUG:colcon.colcon_core.package_identification:Package 'sensors_data' with type 'ros.ament_python' and name 'sensors_data'
[0.361s] Level 1:colcon.colcon_core.package_identification:_identify(vehicle_manager) by extensions ['ignore', 'ignore_ament_install']
[0.361s] Level 1:colcon.colcon_core.package_identification:_identify(vehicle_manager) by extension 'ignore'
[0.361s] Level 1:colcon.colcon_core.package_identification:_identify(vehicle_manager) by extension 'ignore_ament_install'
[0.361s] Level 1:colcon.colcon_core.package_identification:_identify(vehicle_manager) by extensions ['colcon_pkg']
[0.361s] Level 1:colcon.colcon_core.package_identification:_identify(vehicle_manager) by extension 'colcon_pkg'
[0.361s] Level 1:colcon.colcon_core.package_identification:_identify(vehicle_manager) by extensions ['colcon_meta']
[0.361s] Level 1:colcon.colcon_core.package_identification:_identify(vehicle_manager) by extension 'colcon_meta'
[0.361s] Level 1:colcon.colcon_core.package_identification:_identify(vehicle_manager) by extensions ['ros']
[0.361s] Level 1:colcon.colcon_core.package_identification:_identify(vehicle_manager) by extension 'ros'
[0.361s] DEBUG:colcon.colcon_core.package_identification:Package 'vehicle_manager' with type 'ros.ament_python' and name 'vehicle_manager'
[0.362s] Level 1:colcon.colcon_core.package_discovery:discover_packages(recursive) using defaults
[0.362s] Level 1:colcon.colcon_core.package_discovery:discover_packages(ignore) discover
[0.362s] Level 1:colcon.colcon_core.package_discovery:discover_packages(ignore) using defaults
[0.362s] Level 1:colcon.colcon_core.package_discovery:discover_packages(path) discover
[0.362s] Level 1:colcon.colcon_core.package_discovery:discover_packages(path) using defaults
[0.382s] Level 5:colcon.colcon_core.verb:set package 'data_collector_node' build argument 'cmake_args' from command line to 'None'
[0.382s] Level 5:colcon.colcon_core.verb:set package 'data_collector_node' build argument 'cmake_target' from command line to 'None'
[0.382s] Level 5:colcon.colcon_core.verb:set package 'data_collector_node' build argument 'cmake_target_skip_unavailable' from command line to 'False'
[0.382s] Level 5:colcon.colcon_core.verb:set package 'data_collector_node' build argument 'cmake_clean_cache' from command line to 'False'
[0.382s] Level 5:colcon.colcon_core.verb:set package 'data_collector_node' build argument 'cmake_clean_first' from command line to 'False'
[0.382s] Level 5:colcon.colcon_core.verb:set package 'data_collector_node' build argument 'cmake_force_configure' from command line to 'False'
[0.382s] Level 5:colcon.colcon_core.verb:set package 'data_collector_node' build argument 'ament_cmake_args' from command line to 'None'
[0.382s] Level 5:colcon.colcon_core.verb:set package 'data_collector_node' build argument 'catkin_cmake_args' from command line to 'None'
[0.382s] Level 5:colcon.colcon_core.verb:set package 'data_collector_node' build argument 'catkin_skip_building_tests' from command line to 'False'
[0.382s] DEBUG:colcon.colcon_core.verb:Building package 'data_collector_node' with the following arguments: {'ament_cmake_args': None, 'build_base': '/ros_bridge/src/build/data_collector_node', 'catkin_cmake_args': None, 'catkin_skip_building_tests': False, 'cmake_args': None, 'cmake_clean_cache': False, 'cmake_clean_first': False, 'cmake_force_configure': False, 'cmake_target': None, 'cmake_target_skip_unavailable': False, 'install_base': '/ros_bridge/src/install/data_collector_node', 'merge_install': False, 'path': '/ros_bridge/src/data_collector_node', 'symlink_install': False, 'test_result_base': None}
[0.383s] Level 5:colcon.colcon_core.verb:set package 'data_process_node' build argument 'cmake_args' from command line to 'None'
[0.383s] Level 5:colcon.colcon_core.verb:set package 'data_process_node' build argument 'cmake_target' from command line to 'None'
[0.383s] Level 5:colcon.colcon_core.verb:set package 'data_process_node' build argument 'cmake_target_skip_unavailable' from command line to 'False'
[0.383s] Level 5:colcon.colcon_core.verb:set package 'data_process_node' build argument 'cmake_clean_cache' from command line to 'False'
[0.383s] Level 5:colcon.colcon_core.verb:set package 'data_process_node' build argument 'cmake_clean_first' from command line to 'False'
[0.383s] Level 5:colcon.colcon_core.verb:set package 'data_process_node' build argument 'cmake_force_configure' from command line to 'False'
[0.383s] Level 5:colcon.colcon_core.verb:set package 'data_process_node' build argument 'ament_cmake_args' from command line to 'None'
[0.383s] Level 5:colcon.colcon_core.verb:set package 'data_process_node' build argument 'catkin_cmake_args' from command line to 'None'
[0.383s] Level 5:colcon.colcon_core.verb:set package 'data_process_node' build argument 'catkin_skip_building_tests' from command line to 'False'
[0.383s] DEBUG:colcon.colcon_core.verb:Building package 'data_process_node' with the following arguments: {'ament_cmake_args': None, 'build_base': '/ros_bridge/src/build/data_process_node', 'catkin_cmake_args': None, 'catkin_skip_building_tests': False, 'cmake_args': None, 'cmake_clean_cache': False, 'cmake_clean_first': False, 'cmake_force_configure': False, 'cmake_target': None, 'cmake_target_skip_unavailable': False, 'install_base': '/ros_bridge/src/install/data_process_node', 'merge_install': False, 'path': '/ros_bridge/src/data_process_node', 'symlink_install': False, 'test_result_base': None}
[0.384s] Level 5:colcon.colcon_core.verb:set package 'sensors_data' build argument 'cmake_args' from command line to 'None'
[0.384s] Level 5:colcon.colcon_core.verb:set package 'sensors_data' build argument 'cmake_target' from command line to 'None'
[0.384s] Level 5:colcon.colcon_core.verb:set package 'sensors_data' build argument 'cmake_target_skip_unavailable' from command line to 'False'
[0.384s] Level 5:colcon.colcon_core.verb:set package 'sensors_data' build argument 'cmake_clean_cache' from command line to 'False'
[0.384s] Level 5:colcon.colcon_core.verb:set package 'sensors_data' build argument 'cmake_clean_first' from command line to 'False'
[0.384s] Level 5:colcon.colcon_core.verb:set package 'sensors_data' build argument 'cmake_force_configure' from command line to 'False'
[0.384s] Level 5:colcon.colcon_core.verb:set package 'sensors_data' build argument 'ament_cmake_args' from command line to 'None'
[0.384s] Level 5:colcon.colcon_core.verb:set package 'sensors_data' build argument 'catkin_cmake_args' from command line to 'None'
[0.384s] Level 5:colcon.colcon_core.verb:set package 'sensors_data' build argument 'catkin_skip_building_tests' from command line to 'False'
[0.384s] DEBUG:colcon.colcon_core.verb:Building package 'sensors_data' with the following arguments: {'ament_cmake_args': None, 'build_base': '/ros_bridge/src/build/sensors_data', 'catkin_cmake_args': None, 'catkin_skip_building_tests': False, 'cmake_args': None, 'cmake_clean_cache': False, 'cmake_clean_first': False, 'cmake_force_configure': False, 'cmake_target': None, 'cmake_target_skip_unavailable': False, 'install_base': '/ros_bridge/src/install/sensors_data', 'merge_install': False, 'path': '/ros_bridge/src/sensors_data', 'symlink_install': False, 'test_result_base': None}
[0.385s] Level 5:colcon.colcon_core.verb:set package 'vehicle_manager' build argument 'cmake_args' from command line to 'None'
[0.385s] Level 5:colcon.colcon_core.verb:set package 'vehicle_manager' build argument 'cmake_target' from command line to 'None'
[0.385s] Level 5:colcon.colcon_core.verb:set package 'vehicle_manager' build argument 'cmake_target_skip_unavailable' from command line to 'False'
[0.385s] Level 5:colcon.colcon_core.verb:set package 'vehicle_manager' build argument 'cmake_clean_cache' from command line to 'False'
[0.385s] Level 5:colcon.colcon_core.verb:set package 'vehicle_manager' build argument 'cmake_clean_first' from command line to 'False'
[0.385s] Level 5:colcon.colcon_core.verb:set package 'vehicle_manager' build argument 'cmake_force_configure' from command line to 'False'
[0.385s] Level 5:colcon.colcon_core.verb:set package 'vehicle_manager' build argument 'ament_cmake_args' from command line to 'None'
[0.385s] Level 5:colcon.colcon_core.verb:set package 'vehicle_manager' build argument 'catkin_cmake_args' from command line to 'None'
[0.385s] Level 5:colcon.colcon_core.verb:set package 'vehicle_manager' build argument 'catkin_skip_building_tests' from command line to 'False'
[0.385s] DEBUG:colcon.colcon_core.verb:Building package 'vehicle_manager' with the following arguments: {'ament_cmake_args': None, 'build_base': '/ros_bridge/src/build/vehicle_manager', 'catkin_cmake_args': None, 'catkin_skip_building_tests': False, 'cmake_args': None, 'cmake_clean_cache': False, 'cmake_clean_first': False, 'cmake_force_configure': False, 'cmake_target': None, 'cmake_target_skip_unavailable': False, 'install_base': '/ros_bridge/src/install/vehicle_manager', 'merge_install': False, 'path': '/ros_bridge/src/vehicle_manager', 'symlink_install': False, 'test_result_base': None}
[0.386s] Level 5:colcon.colcon_core.verb:set package 'client_node' build argument 'cmake_args' from command line to 'None'
[0.386s] Level 5:colcon.colcon_core.verb:set package 'client_node' build argument 'cmake_target' from command line to 'None'
[0.386s] Level 5:colcon.colcon_core.verb:set package 'client_node' build argument 'cmake_target_skip_unavailable' from command line to 'False'
[0.386s] Level 5:colcon.colcon_core.verb:set package 'client_node' build argument 'cmake_clean_cache' from command line to 'False'
[0.386s] Level 5:colcon.colcon_core.verb:set package 'client_node' build argument 'cmake_clean_first' from command line to 'False'
[0.386s] Level 5:colcon.colcon_core.verb:set package 'client_node' build argument 'cmake_force_configure' from command line to 'False'
[0.386s] Level 5:colcon.colcon_core.verb:set package 'client_node' build argument 'ament_cmake_args' from command line to 'None'
[0.386s] Level 5:colcon.colcon_core.verb:set package 'client_node' build argument 'catkin_cmake_args' from command line to 'None'
[0.386s] Level 5:colcon.colcon_core.verb:set package 'client_node' build argument 'catkin_skip_building_tests' from command line to 'False'
[0.386s] DEBUG:colcon.colcon_core.verb:Building package 'client_node' with the following arguments: {'ament_cmake_args': None, 'build_base': '/ros_bridge/src/build/client_node', 'catkin_cmake_args': None, 'catkin_skip_building_tests': False, 'cmake_args': None, 'cmake_clean_cache': False, 'cmake_clean_first': False, 'cmake_force_configure': False, 'cmake_target': None, 'cmake_target_skip_unavailable': False, 'install_base': '/ros_bridge/src/install/client_node', 'merge_install': False, 'path': '/ros_bridge/src/client_node', 'symlink_install': False, 'test_result_base': None}
[0.387s] Level 5:colcon.colcon_core.verb:set package 'map_loader' build argument 'cmake_args' from command line to 'None'
[0.387s] Level 5:colcon.colcon_core.verb:set package 'map_loader' build argument 'cmake_target' from command line to 'None'
[0.387s] Level 5:colcon.colcon_core.verb:set package 'map_loader' build argument 'cmake_target_skip_unavailable' from command line to 'False'
[0.387s] Level 5:colcon.colcon_core.verb:set package 'map_loader' build argument 'cmake_clean_cache' from command line to 'False'
[0.387s] Level 5:colcon.colcon_core.verb:set package 'map_loader' build argument 'cmake_clean_first' from command line to 'False'
[0.387s] Level 5:colcon.colcon_core.verb:set package 'map_loader' build argument 'cmake_force_configure' from command line to 'False'
[0.387s] Level 5:colcon.colcon_core.verb:set package 'map_loader' build argument 'ament_cmake_args' from command line to 'None'
[0.387s] Level 5:colcon.colcon_core.verb:set package 'map_loader' build argument 'catkin_cmake_args' from command line to 'None'
[0.387s] Level 5:colcon.colcon_core.verb:set package 'map_loader' build argument 'catkin_skip_building_tests' from command line to 'False'
[0.387s] DEBUG:colcon.colcon_core.verb:Building package 'map_loader' with the following arguments: {'ament_cmake_args': None, 'build_base': '/ros_bridge/src/build/map_loader', 'catkin_cmake_args': None, 'catkin_skip_building_tests': False, 'cmake_args': None, 'cmake_clean_cache': False, 'cmake_clean_first': False, 'cmake_force_configure': False, 'cmake_target': None, 'cmake_target_skip_unavailable': False, 'install_base': '/ros_bridge/src/install/map_loader', 'merge_install': False, 'path': '/ros_bridge/src/map_loader', 'symlink_install': False, 'test_result_base': None}
[0.387s] Level 5:colcon.colcon_core.verb:set package 'ros_bridge_launch' build argument 'cmake_args' from command line to 'None'
[0.388s] Level 5:colcon.colcon_core.verb:set package 'ros_bridge_launch' build argument 'cmake_target' from command line to 'None'
[0.388s] Level 5:colcon.colcon_core.verb:set package 'ros_bridge_launch' build argument 'cmake_target_skip_unavailable' from command line to 'False'
[0.388s] Level 5:colcon.colcon_core.verb:set package 'ros_bridge_launch' build argument 'cmake_clean_cache' from command line to 'False'
[0.388s] Level 5:colcon.colcon_core.verb:set package 'ros_bridge_launch' build argument 'cmake_clean_first' from command line to 'False'
[0.388s] Level 5:colcon.colcon_core.verb:set package 'ros_bridge_launch' build argument 'cmake_force_configure' from command line to 'False'
[0.388s] Level 5:colcon.colcon_core.verb:set package 'ros_bridge_launch' build argument 'ament_cmake_args' from command line to 'None'
[0.388s] Level 5:colcon.colcon_core.verb:set package 'ros_bridge_launch' build argument 'catkin_cmake_args' from command line to 'None'
[0.388s] Level 5:colcon.colcon_core.verb:set package 'ros_bridge_launch' build argument 'catkin_skip_building_tests' from command line to 'False'
[0.388s] DEBUG:colcon.colcon_core.verb:Building package 'ros_bridge_launch' with the following arguments: {'ament_cmake_args': None, 'build_base': '/ros_bridge/src/build/ros_bridge_launch', 'catkin_cmake_args': None, 'catkin_skip_building_tests': False, 'cmake_args': None, 'cmake_clean_cache': False, 'cmake_clean_first': False, 'cmake_force_configure': False, 'cmake_target': None, 'cmake_target_skip_unavailable': False, 'install_base': '/ros_bridge/src/install/ros_bridge_launch', 'merge_install': False, 'path': '/ros_bridge/src/ros_bridge_launch', 'symlink_install': False, 'test_result_base': None}
[0.388s] INFO:colcon.colcon_core.executor:Executing jobs using 'parallel' executor
[0.391s] DEBUG:colcon.colcon_parallel_executor.executor.parallel:run_until_complete
[0.392s] INFO:colcon.colcon_ros.task.ament_python.build:Building ROS package in '/ros_bridge/src/sensors_data' with build type 'ament_python'
[0.392s] Level 1:colcon.colcon_core.shell:create_environment_hook('sensors_data', 'ament_prefix_path')
[0.396s] INFO:colcon.colcon_core.plugin_system:Skipping extension 'colcon_core.shell.bat': Not used on non-Windows systems
[0.396s] INFO:colcon.colcon_core.shell:Creating environment hook '/ros_bridge/src/install/sensors_data/share/sensors_data/hook/ament_prefix_path.ps1'
[0.397s] INFO:colcon.colcon_core.shell:Creating environment descriptor '/ros_bridge/src/install/sensors_data/share/sensors_data/hook/ament_prefix_path.dsv'
[0.398s] INFO:colcon.colcon_core.shell:Creating environment hook '/ros_bridge/src/install/sensors_data/share/sensors_data/hook/ament_prefix_path.sh'
[0.399s] INFO:colcon.colcon_core.shell:Skip shell extension 'powershell' for command environment: Not usable outside of PowerShell
[0.400s] DEBUG:colcon.colcon_core.shell:Skip shell extension 'dsv' for command environment
[0.411s] INFO:colcon.colcon_ros.task.ament_python.build:Building ROS package in '/ros_bridge/src/data_collector_node' with build type 'ament_python'
[0.413s] Level 1:colcon.colcon_core.shell:create_environment_hook('data_collector_node', 'ament_prefix_path')
[0.414s] INFO:colcon.colcon_core.shell:Creating environment hook '/ros_bridge/src/install/data_collector_node/share/data_collector_node/hook/ament_prefix_path.ps1'
[0.416s] INFO:colcon.colcon_core.shell:Creating environment descriptor '/ros_bridge/src/install/data_collector_node/share/data_collector_node/hook/ament_prefix_path.dsv'
[0.416s] INFO:colcon.colcon_core.shell:Creating environment hook '/ros_bridge/src/install/data_collector_node/share/data_collector_node/hook/ament_prefix_path.sh'
[0.418s] INFO:colcon.colcon_core.shell:Skip shell extension 'powershell' for command environment: Not usable outside of PowerShell
[0.418s] DEBUG:colcon.colcon_core.shell:Skip shell extension 'dsv' for command environment
[0.426s] INFO:colcon.colcon_ros.task.ament_python.build:Building ROS package in '/ros_bridge/src/data_process_node' with build type 'ament_python'
[0.427s] Level 1:colcon.colcon_core.shell:create_environment_hook('data_process_node', 'ament_prefix_path')
[0.429s] INFO:colcon.colcon_core.shell:Creating environment hook '/ros_bridge/src/install/data_process_node/share/data_process_node/hook/ament_prefix_path.ps1'
[0.431s] INFO:colcon.colcon_core.shell:Creating environment descriptor '/ros_bridge/src/install/data_process_node/share/data_process_node/hook/ament_prefix_path.dsv'
[0.431s] INFO:colcon.colcon_core.shell:Creating environment hook '/ros_bridge/src/install/data_process_node/share/data_process_node/hook/ament_prefix_path.sh'
[0.434s] INFO:colcon.colcon_core.shell:Skip shell extension 'powershell' for command environment: Not usable outside of PowerShell
[0.434s] DEBUG:colcon.colcon_core.shell:Skip shell extension 'dsv' for command environment
[0.443s] INFO:colcon.colcon_ros.task.ament_python.build:Building ROS package in '/ros_bridge/src/vehicle_manager' with build type 'ament_python'
[0.443s] Level 1:colcon.colcon_core.shell:create_environment_hook('vehicle_manager', 'ament_prefix_path')
[0.445s] INFO:colcon.colcon_core.shell:Creating environment hook '/ros_bridge/src/install/vehicle_manager/share/vehicle_manager/hook/ament_prefix_path.ps1'
[0.446s] INFO:colcon.colcon_core.shell:Creating environment descriptor '/ros_bridge/src/install/vehicle_manager/share/vehicle_manager/hook/ament_prefix_path.dsv'
[0.447s] INFO:colcon.colcon_core.shell:Creating environment hook '/ros_bridge/src/install/vehicle_manager/share/vehicle_manager/hook/ament_prefix_path.sh'
[0.449s] INFO:colcon.colcon_core.shell:Skip shell extension 'powershell' for command environment: Not usable outside of PowerShell
[0.449s] DEBUG:colcon.colcon_core.shell:Skip shell extension 'dsv' for command environment
[0.645s] INFO:colcon.colcon_core.task.python.build:Building Python package in '/ros_bridge/src/sensors_data'
[0.647s] INFO:colcon.colcon_core.shell:Skip shell extension 'powershell' for command environment: Not usable outside of PowerShell
[0.647s] DEBUG:colcon.colcon_core.shell:Skip shell extension 'dsv' for command environment
[0.862s] INFO:colcon.colcon_core.task.python.build:Building Python package in '/ros_bridge/src/data_collector_node'
[0.864s] INFO:colcon.colcon_core.shell:Skip shell extension 'powershell' for command environment: Not usable outside of PowerShell
[0.864s] DEBUG:colcon.colcon_core.shell:Skip shell extension 'dsv' for command environment
[1.068s] INFO:colcon.colcon_core.task.python.build:Building Python package in '/ros_bridge/src/data_process_node'
[1.070s] INFO:colcon.colcon_core.shell:Skip shell extension 'powershell' for command environment: Not usable outside of PowerShell
[1.070s] DEBUG:colcon.colcon_core.shell:Skip shell extension 'dsv' for command environment
[1.270s] INFO:colcon.colcon_core.task.python.build:Building Python package in '/ros_bridge/src/vehicle_manager'
[1.273s] INFO:colcon.colcon_core.shell:Skip shell extension 'powershell' for command environment: Not usable outside of PowerShell
[1.273s] DEBUG:colcon.colcon_core.shell:Skip shell extension 'dsv' for command environment
[1.668s] DEBUG:colcon.colcon_core.event_handler.log_command:Invoking command in '/ros_bridge/src/vehicle_manager': PYTHONPATH=/ros_bridge/src/build/vehicle_manager/prefix_override:/ros_bridge/src/install/vehicle_manager/lib/python3.8/site-packages:${PYTHONPATH} /usr/bin/python3 setup.py egg_info --egg-base ../build/vehicle_manager build --build-base /ros_bridge/src/build/vehicle_manager/build install --record /ros_bridge/src/build/vehicle_manager/install.log --install-scripts $base/lib/vehicle_manager --single-version-externally-managed
[1.764s] DEBUG:colcon.colcon_core.event_handler.log_command:Invoking command in '/ros_bridge/src/sensors_data': PYTHONPATH=/ros_bridge/src/build/sensors_data/prefix_override:/ros_bridge/src/install/sensors_data/lib/python3.8/site-packages:${PYTHONPATH} /usr/bin/python3 setup.py egg_info --egg-base ../build/sensors_data build --build-base /ros_bridge/src/build/sensors_data/build install --record /ros_bridge/src/build/sensors_data/install.log --single-version-externally-managed
[1.910s] DEBUG:colcon.colcon_core.event_handler.log_command:Invoking command in '/ros_bridge/src/data_process_node': PYTHONPATH=/ros_bridge/src/build/data_process_node/prefix_override:/ros_bridge/src/install/data_process_node/lib/python3.8/site-packages:${PYTHONPATH} /usr/bin/python3 setup.py egg_info --egg-base ../build/data_process_node build --build-base /ros_bridge/src/build/data_process_node/build install --record /ros_bridge/src/build/data_process_node/install.log --single-version-externally-managed
[2.017s] DEBUG:colcon.colcon_core.event_handler.log_command:Invoked command in '/ros_bridge/src/vehicle_manager' returned '0': PYTHONPATH=/ros_bridge/src/build/vehicle_manager/prefix_override:/ros_bridge/src/install/vehicle_manager/lib/python3.8/site-packages:${PYTHONPATH} /usr/bin/python3 setup.py egg_info --egg-base ../build/vehicle_manager build --build-base /ros_bridge/src/build/vehicle_manager/build install --record /ros_bridge/src/build/vehicle_manager/install.log --install-scripts $base/lib/vehicle_manager --single-version-externally-managed
[2.021s] Level 1:colcon.colcon_core.environment:checking '/ros_bridge/src/install/vehicle_manager' for CMake module files
[2.021s] Level 1:colcon.colcon_core.environment:checking '/ros_bridge/src/install/vehicle_manager' for CMake config files
[2.022s] Level 1:colcon.colcon_core.environment:checking '/ros_bridge/src/install/vehicle_manager/lib'
[2.022s] Level 1:colcon.colcon_core.environment:checking '/ros_bridge/src/install/vehicle_manager/bin'
[2.022s] Level 1:colcon.colcon_core.environment:checking '/ros_bridge/src/install/vehicle_manager/lib/pkgconfig/vehicle_manager.pc'
[2.023s] Level 1:colcon.colcon_core.environment:checking '/ros_bridge/src/install/vehicle_manager/lib/python3.8/site-packages'
[2.023s] Level 1:colcon.colcon_core.shell:create_environment_hook('vehicle_manager', 'pythonpath')
[2.024s] INFO:colcon.colcon_core.shell:Creating environment hook '/ros_bridge/src/install/vehicle_manager/share/vehicle_manager/hook/pythonpath.ps1'
[2.025s] INFO:colcon.colcon_core.shell:Creating environment descriptor '/ros_bridge/src/install/vehicle_manager/share/vehicle_manager/hook/pythonpath.dsv'
[2.025s] INFO:colcon.colcon_core.shell:Creating environment hook '/ros_bridge/src/install/vehicle_manager/share/vehicle_manager/hook/pythonpath.sh'
[2.025s] Level 1:colcon.colcon_core.environment:checking '/ros_bridge/src/install/vehicle_manager/bin'
[2.025s] Level 1:colcon.colcon_core.environment:create_environment_scripts_only(vehicle_manager)
[2.026s] INFO:colcon.colcon_core.shell:Creating package script '/ros_bridge/src/install/vehicle_manager/share/vehicle_manager/package.ps1'
[2.027s] INFO:colcon.colcon_core.shell:Creating package descriptor '/ros_bridge/src/install/vehicle_manager/share/vehicle_manager/package.dsv'
[2.028s] INFO:colcon.colcon_core.shell:Creating package script '/ros_bridge/src/install/vehicle_manager/share/vehicle_manager/package.sh'
[2.028s] INFO:colcon.colcon_core.shell:Creating package script '/ros_bridge/src/install/vehicle_manager/share/vehicle_manager/package.bash'
[2.029s] INFO:colcon.colcon_core.shell:Creating package script '/ros_bridge/src/install/vehicle_manager/share/vehicle_manager/package.zsh'
[2.032s] Level 1:colcon.colcon_core.environment:create_file_with_runtime_dependencies(/ros_bridge/src/install/vehicle_manager/share/colcon-core/packages/vehicle_manager)
[2.039s] DEBUG:colcon.colcon_core.event_handler.log_command:Invoking command in '/ros_bridge/src/data_collector_node': PYTHONPATH=/ros_bridge/src/build/data_collector_node/prefix_override:/ros_bridge/src/install/data_collector_node/lib/python3.8/site-packages:${PYTHONPATH} /usr/bin/python3 setup.py egg_info --egg-base ../build/data_collector_node build --build-base /ros_bridge/src/build/data_collector_node/build install --record /ros_bridge/src/build/data_collector_node/install.log --single-version-externally-managed
[2.134s] Level 1:colcon.colcon_core.environment:checking '/ros_bridge/src/install/sensors_data' for CMake module files
[2.135s] Level 1:colcon.colcon_core.environment:checking '/ros_bridge/src/install/sensors_data' for CMake config files
[2.135s] Level 1:colcon.colcon_core.environment:checking '/ros_bridge/src/install/sensors_data/lib'
[2.135s] Level 1:colcon.colcon_core.environment:checking '/ros_bridge/src/install/sensors_data/bin'
[2.136s] Level 1:colcon.colcon_core.environment:checking '/ros_bridge/src/install/sensors_data/lib/pkgconfig/sensors_data.pc'
[2.136s] Level 1:colcon.colcon_core.environment:checking '/ros_bridge/src/install/sensors_data/lib/python3.8/site-packages'
[2.136s] Level 1:colcon.colcon_core.shell:create_environment_hook('sensors_data', 'pythonpath')
[2.138s] INFO:colcon.colcon_core.shell:Creating environment hook '/ros_bridge/src/install/sensors_data/share/sensors_data/hook/pythonpath.ps1'
[2.138s] DEBUG:colcon.colcon_core.event_handler.log_command:Invoked command in '/ros_bridge/src/sensors_data' returned '0': PYTHONPATH=/ros_bridge/src/build/sensors_data/prefix_override:/ros_bridge/src/install/sensors_data/lib/python3.8/site-packages:${PYTHONPATH} /usr/bin/python3 setup.py egg_info --egg-base ../build/sensors_data build --build-base /ros_bridge/src/build/sensors_data/build install --record /ros_bridge/src/build/sensors_data/install.log --single-version-externally-managed
[2.138s] INFO:colcon.colcon_core.shell:Creating environment descriptor '/ros_bridge/src/install/sensors_data/share/sensors_data/hook/pythonpath.dsv'
[2.139s] INFO:colcon.colcon_core.shell:Creating environment hook '/ros_bridge/src/install/sensors_data/share/sensors_data/hook/pythonpath.sh'
[2.139s] Level 1:colcon.colcon_core.environment:checking '/ros_bridge/src/install/sensors_data/bin'
[2.139s] Level 1:colcon.colcon_core.environment:create_environment_scripts_only(sensors_data)
[2.141s] INFO:colcon.colcon_core.shell:Creating package script '/ros_bridge/src/install/sensors_data/share/sensors_data/package.ps1'
[2.141s] INFO:colcon.colcon_core.shell:Creating package descriptor '/ros_bridge/src/install/sensors_data/share/sensors_data/package.dsv'
[2.141s] INFO:colcon.colcon_core.shell:Creating package script '/ros_bridge/src/install/sensors_data/share/sensors_data/package.sh'
[2.142s] INFO:colcon.colcon_core.shell:Creating package script '/ros_bridge/src/install/sensors_data/share/sensors_data/package.bash'
[2.142s] INFO:colcon.colcon_core.shell:Creating package script '/ros_bridge/src/install/sensors_data/share/sensors_data/package.zsh'
[2.143s] Level 1:colcon.colcon_core.environment:create_file_with_runtime_dependencies(/ros_bridge/src/install/sensors_data/share/colcon-core/packages/sensors_data)
[2.150s] INFO:colcon.colcon_ros.task.ament_python.build:Building ROS package in '/ros_bridge/src/client_node' with build type 'ament_python'
[2.150s] Level 1:colcon.colcon_core.shell:create_environment_hook('client_node', 'ament_prefix_path')
[2.152s] INFO:colcon.colcon_core.shell:Creating environment hook '/ros_bridge/src/install/client_node/share/client_node/hook/ament_prefix_path.ps1'
[2.154s] INFO:colcon.colcon_core.shell:Creating environment descriptor '/ros_bridge/src/install/client_node/share/client_node/hook/ament_prefix_path.dsv'
[2.154s] INFO:colcon.colcon_core.shell:Creating environment hook '/ros_bridge/src/install/client_node/share/client_node/hook/ament_prefix_path.sh'
[2.156s] INFO:colcon.colcon_core.shell:Skip shell extension 'powershell' for command environment: Not usable outside of PowerShell
[2.156s] DEBUG:colcon.colcon_core.shell:Skip shell extension 'dsv' for command environment
[2.408s] INFO:colcon.colcon_core.task.python.build:Building Python package in '/ros_bridge/src/client_node'
[2.410s] INFO:colcon.colcon_core.shell:Skip shell extension 'powershell' for command environment: Not usable outside of PowerShell
[2.411s] DEBUG:colcon.colcon_core.shell:Skip shell extension 'dsv' for command environment
[2.423s] Level 1:colcon.colcon_core.environment:checking '/ros_bridge/src/install/data_process_node' for CMake module files
[2.424s] DEBUG:colcon.colcon_core.event_handler.log_command:Invoked command in '/ros_bridge/src/data_process_node' returned '0': PYTHONPATH=/ros_bridge/src/build/data_process_node/prefix_override:/ros_bridge/src/install/data_process_node/lib/python3.8/site-packages:${PYTHONPATH} /usr/bin/python3 setup.py egg_info --egg-base ../build/data_process_node build --build-base /ros_bridge/src/build/data_process_node/build install --record /ros_bridge/src/build/data_process_node/install.log --single-version-externally-managed
[2.428s] Level 1:colcon.colcon_core.environment:checking '/ros_bridge/src/install/data_process_node' for CMake config files
[2.429s] Level 1:colcon.colcon_core.environment:checking '/ros_bridge/src/install/data_process_node/lib'
[2.429s] Level 1:colcon.colcon_core.environment:checking '/ros_bridge/src/install/data_process_node/bin'
[2.430s] Level 1:colcon.colcon_core.environment:checking '/ros_bridge/src/install/data_process_node/lib/pkgconfig/data_process_node.pc'
[2.430s] Level 1:colcon.colcon_core.environment:checking '/ros_bridge/src/install/data_process_node/lib/python3.8/site-packages'
[2.430s] Level 1:colcon.colcon_core.shell:create_environment_hook('data_process_node', 'pythonpath')
[2.431s] INFO:colcon.colcon_core.shell:Creating environment hook '/ros_bridge/src/install/data_process_node/share/data_process_node/hook/pythonpath.ps1'
[2.432s] INFO:colcon.colcon_core.shell:Creating environment descriptor '/ros_bridge/src/install/data_process_node/share/data_process_node/hook/pythonpath.dsv'
[2.432s] INFO:colcon.colcon_core.shell:Creating environment hook '/ros_bridge/src/install/data_process_node/share/data_process_node/hook/pythonpath.sh'
[2.433s] Level 1:colcon.colcon_core.environment:checking '/ros_bridge/src/install/data_process_node/bin'
[2.433s] Level 1:colcon.colcon_core.environment:create_environment_scripts_only(data_process_node)
[2.434s] INFO:colcon.colcon_core.shell:Creating package script '/ros_bridge/src/install/data_process_node/share/data_process_node/package.ps1'
[2.435s] INFO:colcon.colcon_core.shell:Creating package descriptor '/ros_bridge/src/install/data_process_node/share/data_process_node/package.dsv'
[2.435s] INFO:colcon.colcon_core.shell:Creating package script '/ros_bridge/src/install/data_process_node/share/data_process_node/package.sh'
[2.436s] INFO:colcon.colcon_core.shell:Creating package script '/ros_bridge/src/install/data_process_node/share/data_process_node/package.bash'
[2.436s] INFO:colcon.colcon_core.shell:Creating package script '/ros_bridge/src/install/data_process_node/share/data_process_node/package.zsh'
[2.436s] Level 1:colcon.colcon_core.environment:create_file_with_runtime_dependencies(/ros_bridge/src/install/data_process_node/share/colcon-core/packages/data_process_node)
[2.442s] Level 1:colcon.colcon_core.environment:checking '/ros_bridge/src/install/data_collector_node' for CMake module files
[2.443s] Level 1:colcon.colcon_core.environment:checking '/ros_bridge/src/install/data_collector_node' for CMake config files
[2.443s] DEBUG:colcon.colcon_core.event_handler.log_command:Invoked command in '/ros_bridge/src/data_collector_node' returned '0': PYTHONPATH=/ros_bridge/src/build/data_collector_node/prefix_override:/ros_bridge/src/install/data_collector_node/lib/python3.8/site-packages:${PYTHONPATH} /usr/bin/python3 setup.py egg_info --egg-base ../build/data_collector_node build --build-base /ros_bridge/src/build/data_collector_node/build install --record /ros_bridge/src/build/data_collector_node/install.log --single-version-externally-managed
[2.444s] Level 1:colcon.colcon_core.environment:checking '/ros_bridge/src/install/data_collector_node/lib'
[2.444s] Level 1:colcon.colcon_core.environment:checking '/ros_bridge/src/install/data_collector_node/bin'
[2.444s] Level 1:colcon.colcon_core.environment:checking '/ros_bridge/src/install/data_collector_node/lib/pkgconfig/data_collector_node.pc'
[2.444s] Level 1:colcon.colcon_core.environment:checking '/ros_bridge/src/install/data_collector_node/lib/python3.8/site-packages'
[2.444s] Level 1:colcon.colcon_core.shell:create_environment_hook('data_collector_node', 'pythonpath')
[2.445s] INFO:colcon.colcon_core.shell:Creating environment hook '/ros_bridge/src/install/data_collector_node/share/data_collector_node/hook/pythonpath.ps1'
[2.446s] INFO:colcon.colcon_core.shell:Creating environment descriptor '/ros_bridge/src/install/data_collector_node/share/data_collector_node/hook/pythonpath.dsv'
[2.447s] INFO:colcon.colcon_core.shell:Creating environment hook '/ros_bridge/src/install/data_collector_node/share/data_collector_node/hook/pythonpath.sh'
[2.447s] Level 1:colcon.colcon_core.environment:checking '/ros_bridge/src/install/data_collector_node/bin'
[2.447s] Level 1:colcon.colcon_core.environment:create_environment_scripts_only(data_collector_node)
[2.448s] INFO:colcon.colcon_core.shell:Creating package script '/ros_bridge/src/install/data_collector_node/share/data_collector_node/package.ps1'
[2.449s] INFO:colcon.colcon_core.shell:Creating package descriptor '/ros_bridge/src/install/data_collector_node/share/data_collector_node/package.dsv'
[2.449s] INFO:colcon.colcon_core.shell:Creating package script '/ros_bridge/src/install/data_collector_node/share/data_collector_node/package.sh'
[2.449s] INFO:colcon.colcon_core.shell:Creating package script '/ros_bridge/src/install/data_collector_node/share/data_collector_node/package.bash'
[2.450s] INFO:colcon.colcon_core.shell:Creating package script '/ros_bridge/src/install/data_collector_node/share/data_collector_node/package.zsh'
[2.450s] Level 1:colcon.colcon_core.environment:create_file_with_runtime_dependencies(/ros_bridge/src/install/data_collector_node/share/colcon-core/packages/data_collector_node)
[2.816s] DEBUG:colcon.colcon_core.event_handler.log_command:Invoking command in '/ros_bridge/src/client_node': AMENT_PREFIX_PATH=/ros_bridge/src/install/sensors_data:${AMENT_PREFIX_PATH} PYTHONPATH=/ros_bridge/src/build/client_node/prefix_override:/ros_bridge/src/install/client_node/lib/python3.8/site-packages:/ros_bridge/src/install/sensors_data/lib/python3.8/site-packages:${PYTHONPATH} /usr/bin/python3 setup.py egg_info --egg-base ../build/client_node build --build-base /ros_bridge/src/build/client_node/build install --record /ros_bridge/src/build/client_node/install.log --single-version-externally-managed
[3.078s] Level 1:colcon.colcon_core.environment:checking '/ros_bridge/src/install/client_node' for CMake module files
[3.078s] DEBUG:colcon.colcon_core.event_handler.log_command:Invoked command in '/ros_bridge/src/client_node' returned '0': AMENT_PREFIX_PATH=/ros_bridge/src/install/sensors_data:${AMENT_PREFIX_PATH} PYTHONPATH=/ros_bridge/src/build/client_node/prefix_override:/ros_bridge/src/install/client_node/lib/python3.8/site-packages:/ros_bridge/src/install/sensors_data/lib/python3.8/site-packages:${PYTHONPATH} /usr/bin/python3 setup.py egg_info --egg-base ../build/client_node build --build-base /ros_bridge/src/build/client_node/build install --record /ros_bridge/src/build/client_node/install.log --single-version-externally-managed
[3.079s] Level 1:colcon.colcon_core.environment:checking '/ros_bridge/src/install/client_node' for CMake config files
[3.080s] Level 1:colcon.colcon_core.environment:checking '/ros_bridge/src/install/client_node/lib'
[3.080s] Level 1:colcon.colcon_core.environment:checking '/ros_bridge/src/install/client_node/bin'
[3.080s] Level 1:colcon.colcon_core.environment:checking '/ros_bridge/src/install/client_node/lib/pkgconfig/client_node.pc'
[3.080s] Level 1:colcon.colcon_core.environment:checking '/ros_bridge/src/install/client_node/lib/python3.8/site-packages'
[3.080s] Level 1:colcon.colcon_core.shell:create_environment_hook('client_node', 'pythonpath')
[3.082s] INFO:colcon.colcon_core.shell:Creating environment hook '/ros_bridge/src/install/client_node/share/client_node/hook/pythonpath.ps1'
[3.082s] INFO:colcon.colcon_core.shell:Creating environment descriptor '/ros_bridge/src/install/client_node/share/client_node/hook/pythonpath.dsv'
[3.082s] INFO:colcon.colcon_core.shell:Creating environment hook '/ros_bridge/src/install/client_node/share/client_node/hook/pythonpath.sh'
[3.083s] Level 1:colcon.colcon_core.environment:checking '/ros_bridge/src/install/client_node/bin'
[3.083s] Level 1:colcon.colcon_core.environment:create_environment_scripts_only(client_node)
[3.084s] INFO:colcon.colcon_core.shell:Creating package script '/ros_bridge/src/install/client_node/share/client_node/package.ps1'
[3.084s] INFO:colcon.colcon_core.shell:Creating package descriptor '/ros_bridge/src/install/client_node/share/client_node/package.dsv'
[3.085s] INFO:colcon.colcon_core.shell:Creating package script '/ros_bridge/src/install/client_node/share/client_node/package.sh'
[3.085s] INFO:colcon.colcon_core.shell:Creating package script '/ros_bridge/src/install/client_node/share/client_node/package.bash'
[3.086s] INFO:colcon.colcon_core.shell:Creating package script '/ros_bridge/src/install/client_node/share/client_node/package.zsh'
[3.086s] Level 1:colcon.colcon_core.environment:create_file_with_runtime_dependencies(/ros_bridge/src/install/client_node/share/colcon-core/packages/client_node)
[3.087s] INFO:colcon.colcon_ros.task.ament_python.build:Building ROS package in '/ros_bridge/src/map_loader' with build type 'ament_python'
[3.087s] Level 1:colcon.colcon_core.shell:create_environment_hook('map_loader', 'ament_prefix_path')
[3.088s] INFO:colcon.colcon_core.shell:Creating environment hook '/ros_bridge/src/install/map_loader/share/map_loader/hook/ament_prefix_path.ps1'
[3.089s] INFO:colcon.colcon_core.shell:Creating environment descriptor '/ros_bridge/src/install/map_loader/share/map_loader/hook/ament_prefix_path.dsv'
[3.090s] INFO:colcon.colcon_core.shell:Creating environment hook '/ros_bridge/src/install/map_loader/share/map_loader/hook/ament_prefix_path.sh'
[3.091s] INFO:colcon.colcon_core.shell:Skip shell extension 'powershell' for command environment: Not usable outside of PowerShell
[3.091s] DEBUG:colcon.colcon_core.shell:Skip shell extension 'dsv' for command environment
[3.097s] INFO:colcon.colcon_ros.task.ament_python.build:Building ROS package in '/ros_bridge/src/ros_bridge_launch' with build type 'ament_python'
[3.098s] Level 1:colcon.colcon_core.shell:create_environment_hook('ros_bridge_launch', 'ament_prefix_path')
[3.101s] INFO:colcon.colcon_core.shell:Creating environment hook '/ros_bridge/src/install/ros_bridge_launch/share/ros_bridge_launch/hook/ament_prefix_path.ps1'
[3.102s] INFO:colcon.colcon_core.shell:Creating environment descriptor '/ros_bridge/src/install/ros_bridge_launch/share/ros_bridge_launch/hook/ament_prefix_path.dsv'
[3.103s] INFO:colcon.colcon_core.shell:Creating environment hook '/ros_bridge/src/install/ros_bridge_launch/share/ros_bridge_launch/hook/ament_prefix_path.sh'
[3.107s] INFO:colcon.colcon_core.shell:Skip shell extension 'powershell' for command environment: Not usable outside of PowerShell
[3.107s] DEBUG:colcon.colcon_core.shell:Skip shell extension 'dsv' for command environment
[3.296s] INFO:colcon.colcon_core.task.python.build:Building Python package in '/ros_bridge/src/map_loader'
[3.297s] INFO:colcon.colcon_core.shell:Skip shell extension 'powershell' for command environment: Not usable outside of PowerShell
[3.297s] DEBUG:colcon.colcon_core.shell:Skip shell extension 'dsv' for command environment
[3.489s] INFO:colcon.colcon_core.task.python.build:Building Python package in '/ros_bridge/src/ros_bridge_launch'
[3.491s] INFO:colcon.colcon_core.shell:Skip shell extension 'powershell' for command environment: Not usable outside of PowerShell
[3.491s] DEBUG:colcon.colcon_core.shell:Skip shell extension 'dsv' for command environment
[3.853s] DEBUG:colcon.colcon_core.event_handler.log_command:Invoking command in '/ros_bridge/src/ros_bridge_launch': AMENT_PREFIX_PATH=/ros_bridge/src/install/client_node:/ros_bridge/src/install/sensors_data:${AMENT_PREFIX_PATH} PYTHONPATH=/ros_bridge/src/build/ros_bridge_launch/prefix_override:/ros_bridge/src/install/ros_bridge_launch/lib/python3.8/site-packages:/ros_bridge/src/install/client_node/lib/python3.8/site-packages:/ros_bridge/src/install/sensors_data/lib/python3.8/site-packages:${PYTHONPATH} /usr/bin/python3 setup.py egg_info --egg-base ../build/ros_bridge_launch build --build-base /ros_bridge/src/build/ros_bridge_launch/build install --record /ros_bridge/src/build/ros_bridge_launch/install.log --single-version-externally-managed
[3.892s] DEBUG:colcon.colcon_core.event_handler.log_command:Invoking command in '/ros_bridge/src/map_loader': AMENT_PREFIX_PATH=/ros_bridge/src/install/client_node:/ros_bridge/src/install/sensors_data:${AMENT_PREFIX_PATH} PYTHONPATH=/ros_bridge/src/build/map_loader/prefix_override:/ros_bridge/src/install/map_loader/lib/python3.8/site-packages:/ros_bridge/src/install/client_node/lib/python3.8/site-packages:/ros_bridge/src/install/sensors_data/lib/python3.8/site-packages:${PYTHONPATH} /usr/bin/python3 setup.py egg_info --egg-base ../build/map_loader build --build-base /ros_bridge/src/build/map_loader/build install --record /ros_bridge/src/build/map_loader/install.log --single-version-externally-managed
[4.128s] Level 1:colcon.colcon_core.environment:checking '/ros_bridge/src/install/ros_bridge_launch' for CMake module files
[4.129s] DEBUG:colcon.colcon_core.event_handler.log_command:Invoked command in '/ros_bridge/src/ros_bridge_launch' returned '0': AMENT_PREFIX_PATH=/ros_bridge/src/install/client_node:/ros_bridge/src/install/sensors_data:${AMENT_PREFIX_PATH} PYTHONPATH=/ros_bridge/src/build/ros_bridge_launch/prefix_override:/ros_bridge/src/install/ros_bridge_launch/lib/python3.8/site-packages:/ros_bridge/src/install/client_node/lib/python3.8/site-packages:/ros_bridge/src/install/sensors_data/lib/python3.8/site-packages:${PYTHONPATH} /usr/bin/python3 setup.py egg_info --egg-base ../build/ros_bridge_launch build --build-base /ros_bridge/src/build/ros_bridge_launch/build install --record /ros_bridge/src/build/ros_bridge_launch/install.log --single-version-externally-managed
[4.129s] Level 1:colcon.colcon_core.environment:checking '/ros_bridge/src/install/ros_bridge_launch' for CMake config files
[4.130s] Level 1:colcon.colcon_core.environment:checking '/ros_bridge/src/install/ros_bridge_launch/lib'
[4.130s] Level 1:colcon.colcon_core.environment:checking '/ros_bridge/src/install/ros_bridge_launch/bin'
[4.130s] Level 1:colcon.colcon_core.environment:checking '/ros_bridge/src/install/ros_bridge_launch/lib/pkgconfig/ros_bridge_launch.pc'
[4.130s] Level 1:colcon.colcon_core.environment:checking '/ros_bridge/src/install/ros_bridge_launch/lib/python3.8/site-packages'
[4.130s] Level 1:colcon.colcon_core.shell:create_environment_hook('ros_bridge_launch', 'pythonpath')
[4.132s] INFO:colcon.colcon_core.shell:Creating environment hook '/ros_bridge/src/install/ros_bridge_launch/share/ros_bridge_launch/hook/pythonpath.ps1'
[4.132s] INFO:colcon.colcon_core.shell:Creating environment descriptor '/ros_bridge/src/install/ros_bridge_launch/share/ros_bridge_launch/hook/pythonpath.dsv'
[4.133s] INFO:colcon.colcon_core.shell:Creating environment hook '/ros_bridge/src/install/ros_bridge_launch/share/ros_bridge_launch/hook/pythonpath.sh'
[4.133s] Level 1:colcon.colcon_core.environment:checking '/ros_bridge/src/install/ros_bridge_launch/bin'
[4.133s] Level 1:colcon.colcon_core.environment:create_environment_scripts_only(ros_bridge_launch)
[4.134s] INFO:colcon.colcon_core.shell:Creating package script '/ros_bridge/src/install/ros_bridge_launch/share/ros_bridge_launch/package.ps1'
[4.135s] INFO:colcon.colcon_core.shell:Creating package descriptor '/ros_bridge/src/install/ros_bridge_launch/share/ros_bridge_launch/package.dsv'
[4.135s] INFO:colcon.colcon_core.shell:Creating package script '/ros_bridge/src/install/ros_bridge_launch/share/ros_bridge_launch/package.sh'
[4.135s] INFO:colcon.colcon_core.shell:Creating package script '/ros_bridge/src/install/ros_bridge_launch/share/ros_bridge_launch/package.bash'
[4.136s] INFO:colcon.colcon_core.shell:Creating package script '/ros_bridge/src/install/ros_bridge_launch/share/ros_bridge_launch/package.zsh'
[4.136s] Level 1:colcon.colcon_core.environment:create_file_with_runtime_dependencies(/ros_bridge/src/install/ros_bridge_launch/share/colcon-core/packages/ros_bridge_launch)
[4.164s] Level 1:colcon.colcon_core.environment:checking '/ros_bridge/src/install/map_loader' for CMake module files
[4.164s] DEBUG:colcon.colcon_core.event_handler.log_command:Invoked command in '/ros_bridge/src/map_loader' returned '0': AMENT_PREFIX_PATH=/ros_bridge/src/install/client_node:/ros_bridge/src/install/sensors_data:${AMENT_PREFIX_PATH} PYTHONPATH=/ros_bridge/src/build/map_loader/prefix_override:/ros_bridge/src/install/map_loader/lib/python3.8/site-packages:/ros_bridge/src/install/client_node/lib/python3.8/site-packages:/ros_bridge/src/install/sensors_data/lib/python3.8/site-packages:${PYTHONPATH} /usr/bin/python3 setup.py egg_info --egg-base ../build/map_loader build --build-base /ros_bridge/src/build/map_loader/build install --record /ros_bridge/src/build/map_loader/install.log --single-version-externally-managed
[4.165s] Level 1:colcon.colcon_core.environment:checking '/ros_bridge/src/install/map_loader' for CMake config files
[4.165s] Level 1:colcon.colcon_core.environment:checking '/ros_bridge/src/install/map_loader/lib'
[4.165s] Level 1:colcon.colcon_core.environment:checking '/ros_bridge/src/install/map_loader/bin'
[4.165s] Level 1:colcon.colcon_core.environment:checking '/ros_bridge/src/install/map_loader/lib/pkgconfig/map_loader.pc'
[4.165s] Level 1:colcon.colcon_core.environment:checking '/ros_bridge/src/install/map_loader/lib/python3.8/site-packages'
[4.165s] Level 1:colcon.colcon_core.shell:create_environment_hook('map_loader', 'pythonpath')
[4.166s] INFO:colcon.colcon_core.shell:Creating environment hook '/ros_bridge/src/install/map_loader/share/map_loader/hook/pythonpath.ps1'
[4.167s] INFO:colcon.colcon_core.shell:Creating environment descriptor '/ros_bridge/src/install/map_loader/share/map_loader/hook/pythonpath.dsv'
[4.167s] INFO:colcon.colcon_core.shell:Creating environment hook '/ros_bridge/src/install/map_loader/share/map_loader/hook/pythonpath.sh'
[4.168s] Level 1:colcon.colcon_core.environment:checking '/ros_bridge/src/install/map_loader/bin'
[4.168s] Level 1:colcon.colcon_core.environment:create_environment_scripts_only(map_loader)
[4.169s] INFO:colcon.colcon_core.shell:Creating package script '/ros_bridge/src/install/map_loader/share/map_loader/package.ps1'
[4.169s] INFO:colcon.colcon_core.shell:Creating package descriptor '/ros_bridge/src/install/map_loader/share/map_loader/package.dsv'
[4.170s] INFO:colcon.colcon_core.shell:Creating package script '/ros_bridge/src/install/map_loader/share/map_loader/package.sh'
[4.170s] INFO:colcon.colcon_core.shell:Creating package script '/ros_bridge/src/install/map_loader/share/map_loader/package.bash'
[4.170s] INFO:colcon.colcon_core.shell:Creating package script '/ros_bridge/src/install/map_loader/share/map_loader/package.zsh'
[4.170s] Level 1:colcon.colcon_core.environment:create_file_with_runtime_dependencies(/ros_bridge/src/install/map_loader/share/colcon-core/packages/map_loader)
[4.171s] DEBUG:colcon.colcon_parallel_executor.executor.parallel:closing loop
[4.171s] DEBUG:colcon.colcon_parallel_executor.executor.parallel:loop closed
[4.172s] DEBUG:colcon.colcon_parallel_executor.executor.parallel:run_until_complete finished with '0'
[4.172s] DEBUG:colcon.colcon_core.event_reactor:joining thread
[4.178s] INFO:colcon.colcon_core.plugin_system:Skipping extension 'colcon_notification.desktop_notification.notify_send': Could not find 'notify-send'
[4.178s] INFO:colcon.colcon_core.plugin_system:Skipping extension 'colcon_notification.desktop_notification.terminal_notifier': Not used on non-Darwin systems
[4.178s] INFO:colcon.colcon_core.plugin_system:Skipping extension 'colcon_notification.desktop_notification.win32': Not used on non-Windows systems
[4.178s] INFO:colcon.colcon_notification.desktop_notification:Sending desktop notification using 'notify2'
[4.178s] DEBUG:colcon.colcon_notification.desktop_notification.notify2:Failed to initialize notify2: org.freedesktop.DBus.Error.NotSupported: Unable to autolaunch a dbus-daemon without a $DISPLAY for X11
[4.179s] DEBUG:colcon.colcon_core.event_reactor:joined thread
[4.180s] INFO:colcon.colcon_core.shell:Creating prefix script '/ros_bridge/src/install/local_setup.ps1'
[4.181s] INFO:colcon.colcon_core.shell:Creating prefix util module '/ros_bridge/src/install/_local_setup_util_ps1.py'
[4.181s] INFO:colcon.colcon_core.shell:Creating prefix chain script '/ros_bridge/src/install/setup.ps1'
[4.183s] INFO:colcon.colcon_core.shell:Creating prefix script '/ros_bridge/src/install/local_setup.sh'
[4.183s] INFO:colcon.colcon_core.shell:Creating prefix util module '/ros_bridge/src/install/_local_setup_util_sh.py'
[4.183s] INFO:colcon.colcon_core.shell:Creating prefix chain script '/ros_bridge/src/install/setup.sh'
[4.185s] INFO:colcon.colcon_core.shell:Creating prefix script '/ros_bridge/src/install/local_setup.bash'
[4.185s] INFO:colcon.colcon_core.shell:Creating prefix chain script '/ros_bridge/src/install/setup.bash'
[4.186s] INFO:colcon.colcon_core.shell:Creating prefix script '/ros_bridge/src/install/local_setup.zsh'
[4.187s] INFO:colcon.colcon_core.shell:Creating prefix chain script '/ros_bridge/src/install/setup.zsh'
