[0.264s] DEBUG:colcon:Command line arguments: ['/usr/bin/colcon', 'build']
[0.264s] DEBUG:colcon:Parsed command line arguments: Namespace(ament_cmake_args=None, base_paths=['.'], build_base='build', catkin_cmake_args=None, catkin_skip_building_tests=False, cmake_args=None, cmake_clean_cache=False, cmake_clean_first=False, cmake_force_configure=False, cmake_target=None, cmake_target_skip_unavailable=False, continue_on_error=False, event_handlers=None, executor='parallel', ignore_user_meta=False, install_base='install', log_base=None, log_level=None, main=<bound method BuildVerb.main of <colcon_core.verb.build.BuildVerb object at 0x7f296cdc1be0>>, merge_install=False, metas=['./colcon.meta'], mixin=None, mixin_files=None, mixin_verb=('build',), packages_above=None, packages_above_and_dependencies=None, packages_above_depth=None, packages_end=None, packages_ignore=None, packages_ignore_regex=None, packages_select=None, packages_select_build_failed=False, packages_select_by_dep=None, packages_select_regex=None, packages_select_test_failures=False, packages_skip=None, packages_skip_build_finished=False, packages_skip_by_dep=None, packages_skip_regex=None, packages_skip_test_passed=False, packages_skip_up_to=None, packages_start=None, packages_up_to=None, packages_up_to_regex=None, parallel_workers=8, paths=None, symlink_install=False, test_result_base=None, verb_extension=<colcon_core.verb.build.BuildVerb object at 0x7f296cdc1be0>, verb_name='build', verb_parser=<colcon_mixin.mixin.mixin_argument.MixinArgumentDecorator object at 0x7f296cdce1f0>)
[0.291s] Level 1:colcon.colcon_core.package_discovery:discover_packages(colcon_meta) check parameters
[0.291s] INFO:colcon.colcon_metadata.package_discovery.colcon_meta:Using configuration from '/root/.colcon/metadata/default/Gazebo.meta'
[0.292s] INFO:colcon.colcon_metadata.package_discovery.colcon_meta:Using configuration from '/root/.colcon/metadata/default/fastrtps.meta'
[0.292s] Level 1:colcon.colcon_core.package_discovery:discover_packages(recursive) check parameters
[0.292s] Level 1:colcon.colcon_core.package_discovery:discover_packages(ignore) check parameters
[0.292s] Level 1:colcon.colcon_core.package_discovery:discover_packages(path) check parameters
[0.292s] Level 1:colcon.colcon_core.package_discovery:discover_packages(colcon_meta) discover
[0.292s] Level 1:colcon.colcon_core.package_discovery:discover_packages(recursive) discover
[0.292s] INFO:colcon.colcon_core.package_discovery:Crawling recursively for packages in '/ros_bridge/src'
[0.292s] Level 1:colcon.colcon_core.package_identification:_identify(.) by extensions ['ignore', 'ignore_ament_install']
[0.292s] Level 1:colcon.colcon_core.package_identification:_identify(.) by extension 'ignore'
[0.292s] Level 1:colcon.colcon_core.package_identification:_identify(.) by extension 'ignore_ament_install'
[0.292s] Level 1:colcon.colcon_core.package_identification:_identify(.) by extensions ['colcon_pkg']
[0.292s] Level 1:colcon.colcon_core.package_identification:_identify(.) by extension 'colcon_pkg'
[0.293s] Level 1:colcon.colcon_core.package_identification:_identify(.) by extensions ['colcon_meta']
[0.293s] Level 1:colcon.colcon_core.package_identification:_identify(.) by extension 'colcon_meta'
[0.293s] Level 1:colcon.colcon_core.package_identification:_identify(.) by extensions ['ros']
[0.293s] Level 1:colcon.colcon_core.package_identification:_identify(.) by extension 'ros'
[0.323s] Level 1:colcon.colcon_core.package_identification:_identify(.) by extensions ['cmake', 'python']
[0.323s] Level 1:colcon.colcon_core.package_identification:_identify(.) by extension 'cmake'
[0.323s] Level 1:colcon.colcon_core.package_identification:_identify(.) by extension 'python'
[0.323s] Level 1:colcon.colcon_core.package_identification:_identify(.) by extensions ['python_setup_py']
[0.323s] Level 1:colcon.colcon_core.package_identification:_identify(.) by extension 'python_setup_py'
[0.324s] Level 1:colcon.colcon_core.package_identification:_identify(build) by extensions ['ignore', 'ignore_ament_install']
[0.324s] Level 1:colcon.colcon_core.package_identification:_identify(build) by extension 'ignore'
[0.324s] Level 1:colcon.colcon_core.package_identification:_identify(build) ignored
[0.324s] Level 1:colcon.colcon_core.package_identification:_identify(carla_data) by extensions ['ignore', 'ignore_ament_install']
[0.324s] Level 1:colcon.colcon_core.package_identification:_identify(carla_data) by extension 'ignore'
[0.324s] Level 1:colcon.colcon_core.package_identification:_identify(carla_data) by extension 'ignore_ament_install'
[0.324s] Level 1:colcon.colcon_core.package_identification:_identify(carla_data) by extensions ['colcon_pkg']
[0.324s] Level 1:colcon.colcon_core.package_identification:_identify(carla_data) by extension 'colcon_pkg'
[0.324s] Level 1:colcon.colcon_core.package_identification:_identify(carla_data) by extensions ['colcon_meta']
[0.324s] Level 1:colcon.colcon_core.package_identification:_identify(carla_data) by extension 'colcon_meta'
[0.324s] Level 1:colcon.colcon_core.package_identification:_identify(carla_data) by extensions ['ros']
[0.324s] Level 1:colcon.colcon_core.package_identification:_identify(carla_data) by extension 'ros'
[0.324s] Level 1:colcon.colcon_core.package_identification:_identify(carla_data) by extensions ['cmake', 'python']
[0.325s] Level 1:colcon.colcon_core.package_identification:_identify(carla_data) by extension 'cmake'
[0.325s] Level 1:colcon.colcon_core.package_identification:_identify(carla_data) by extension 'python'
[0.325s] Level 1:colcon.colcon_core.package_identification:_identify(carla_data) by extensions ['python_setup_py']
[0.325s] Level 1:colcon.colcon_core.package_identification:_identify(carla_data) by extension 'python_setup_py'
[0.325s] Level 1:colcon.colcon_core.package_identification:_identify(client_node) by extensions ['ignore', 'ignore_ament_install']
[0.325s] Level 1:colcon.colcon_core.package_identification:_identify(client_node) by extension 'ignore'
[0.325s] Level 1:colcon.colcon_core.package_identification:_identify(client_node) by extension 'ignore_ament_install'
[0.325s] Level 1:colcon.colcon_core.package_identification:_identify(client_node) by extensions ['colcon_pkg']
[0.325s] Level 1:colcon.colcon_core.package_identification:_identify(client_node) by extension 'colcon_pkg'
[0.325s] Level 1:colcon.colcon_core.package_identification:_identify(client_node) by extensions ['colcon_meta']
[0.325s] Level 1:colcon.colcon_core.package_identification:_identify(client_node) by extension 'colcon_meta'
[0.325s] Level 1:colcon.colcon_core.package_identification:_identify(client_node) by extensions ['ros']
[0.325s] Level 1:colcon.colcon_core.package_identification:_identify(client_node) by extension 'ros'
[0.328s] DEBUG:colcon.colcon_core.package_identification:Package 'client_node' with type 'ros.ament_python' and name 'client_node'
[0.328s] Level 1:colcon.colcon_core.package_identification:_identify(data_collector_node) by extensions ['ignore', 'ignore_ament_install']
[0.328s] Level 1:colcon.colcon_core.package_identification:_identify(data_collector_node) by extension 'ignore'
[0.328s] Level 1:colcon.colcon_core.package_identification:_identify(data_collector_node) by extension 'ignore_ament_install'
[0.328s] Level 1:colcon.colcon_core.package_identification:_identify(data_collector_node) by extensions ['colcon_pkg']
[0.328s] Level 1:colcon.colcon_core.package_identification:_identify(data_collector_node) by extension 'colcon_pkg'
[0.328s] Level 1:colcon.colcon_core.package_identification:_identify(data_collector_node) by extensions ['colcon_meta']
[0.328s] Level 1:colcon.colcon_core.package_identification:_identify(data_collector_node) by extension 'colcon_meta'
[0.328s] Level 1:colcon.colcon_core.package_identification:_identify(data_collector_node) by extensions ['ros']
[0.328s] Level 1:colcon.colcon_core.package_identification:_identify(data_collector_node) by extension 'ros'
[0.329s] DEBUG:colcon.colcon_core.package_identification:Package 'data_collector_node' with type 'ros.ament_python' and name 'data_collector_node'
[0.329s] Level 1:colcon.colcon_core.package_identification:_identify(data_process_node) by extensions ['ignore', 'ignore_ament_install']
[0.329s] Level 1:colcon.colcon_core.package_identification:_identify(data_process_node) by extension 'ignore'
[0.329s] Level 1:colcon.colcon_core.package_identification:_identify(data_process_node) by extension 'ignore_ament_install'
[0.329s] Level 1:colcon.colcon_core.package_identification:_identify(data_process_node) by extensions ['colcon_pkg']
[0.329s] Level 1:colcon.colcon_core.package_identification:_identify(data_process_node) by extension 'colcon_pkg'
[0.329s] Level 1:colcon.colcon_core.package_identification:_identify(data_process_node) by extensions ['colcon_meta']
[0.329s] Level 1:colcon.colcon_core.package_identification:_identify(data_process_node) by extension 'colcon_meta'
[0.329s] Level 1:colcon.colcon_core.package_identification:_identify(data_process_node) by extensions ['ros']
[0.329s] Level 1:colcon.colcon_core.package_identification:_identify(data_process_node) by extension 'ros'
[0.329s] DEBUG:colcon.colcon_core.package_identification:Package 'data_process_node' with type 'ros.ament_python' and name 'data_process_node'
[0.330s] Level 1:colcon.colcon_core.package_identification:_identify(install) by extensions ['ignore', 'ignore_ament_install']
[0.330s] Level 1:colcon.colcon_core.package_identification:_identify(install) by extension 'ignore'
[0.330s] Level 1:colcon.colcon_core.package_identification:_identify(install) ignored
[0.330s] Level 1:colcon.colcon_core.package_identification:_identify(log) by extensions ['ignore', 'ignore_ament_install']
[0.330s] Level 1:colcon.colcon_core.package_identification:_identify(log) by extension 'ignore'
[0.330s] Level 1:colcon.colcon_core.package_identification:_identify(log) ignored
[0.330s] Level 1:colcon.colcon_core.package_identification:_identify(map_loader) by extensions ['ignore', 'ignore_ament_install']
[0.330s] Level 1:colcon.colcon_core.package_identification:_identify(map_loader) by extension 'ignore'
[0.330s] Level 1:colcon.colcon_core.package_identification:_identify(map_loader) by extension 'ignore_ament_install'
[0.330s] Level 1:colcon.colcon_core.package_identification:_identify(map_loader) by extensions ['colcon_pkg']
[0.330s] Level 1:colcon.colcon_core.package_identification:_identify(map_loader) by extension 'colcon_pkg'
[0.330s] Level 1:colcon.colcon_core.package_identification:_identify(map_loader) by extensions ['colcon_meta']
[0.330s] Level 1:colcon.colcon_core.package_identification:_identify(map_loader) by extension 'colcon_meta'
[0.330s] Level 1:colcon.colcon_core.package_identification:_identify(map_loader) by extensions ['ros']
[0.330s] Level 1:colcon.colcon_core.package_identification:_identify(map_loader) by extension 'ros'
[0.331s] DEBUG:colcon.colcon_core.package_identification:Package 'map_loader' with type 'ros.ament_python' and name 'map_loader'
[0.331s] Level 1:colcon.colcon_core.package_identification:_identify(ros_bridge_launch) by extensions ['ignore', 'ignore_ament_install']
[0.331s] Level 1:colcon.colcon_core.package_identification:_identify(ros_bridge_launch) by extension 'ignore'
[0.331s] Level 1:colcon.colcon_core.package_identification:_identify(ros_bridge_launch) by extension 'ignore_ament_install'
[0.331s] Level 1:colcon.colcon_core.package_identification:_identify(ros_bridge_launch) by extensions ['colcon_pkg']
[0.331s] Level 1:colcon.colcon_core.package_identification:_identify(ros_bridge_launch) by extension 'colcon_pkg'
[0.331s] Level 1:colcon.colcon_core.package_identification:_identify(ros_bridge_launch) by extensions ['colcon_meta']
[0.331s] Level 1:colcon.colcon_core.package_identification:_identify(ros_bridge_launch) by extension 'colcon_meta'
[0.331s] Level 1:colcon.colcon_core.package_identification:_identify(ros_bridge_launch) by extensions ['ros']
[0.331s] Level 1:colcon.colcon_core.package_identification:_identify(ros_bridge_launch) by extension 'ros'
[0.332s] DEBUG:colcon.colcon_core.package_identification:Package 'ros_bridge_launch' with type 'ros.ament_python' and name 'ros_bridge_launch'
[0.332s] Level 1:colcon.colcon_core.package_identification:_identify(sensors_data) by extensions ['ignore', 'ignore_ament_install']
[0.332s] Level 1:colcon.colcon_core.package_identification:_identify(sensors_data) by extension 'ignore'
[0.332s] Level 1:colcon.colcon_core.package_identification:_identify(sensors_data) by extension 'ignore_ament_install'
[0.332s] Level 1:colcon.colcon_core.package_identification:_identify(sensors_data) by extensions ['colcon_pkg']
[0.332s] Level 1:colcon.colcon_core.package_identification:_identify(sensors_data) by extension 'colcon_pkg'
[0.332s] Level 1:colcon.colcon_core.package_identification:_identify(sensors_data) by extensions ['colcon_meta']
[0.332s] Level 1:colcon.colcon_core.package_identification:_identify(sensors_data) by extension 'colcon_meta'
[0.332s] Level 1:colcon.colcon_core.package_identification:_identify(sensors_data) by extensions ['ros']
[0.332s] Level 1:colcon.colcon_core.package_identification:_identify(sensors_data) by extension 'ros'
[0.332s] DEBUG:colcon.colcon_core.package_identification:Package 'sensors_data' with type 'ros.ament_python' and name 'sensors_data'
[0.332s] Level 1:colcon.colcon_core.package_identification:_identify(vehicle_manager) by extensions ['ignore', 'ignore_ament_install']
[0.333s] Level 1:colcon.colcon_core.package_identification:_identify(vehicle_manager) by extension 'ignore'
[0.333s] Level 1:colcon.colcon_core.package_identification:_identify(vehicle_manager) by extension 'ignore_ament_install'
[0.333s] Level 1:colcon.colcon_core.package_identification:_identify(vehicle_manager) by extensions ['colcon_pkg']
[0.333s] Level 1:colcon.colcon_core.package_identification:_identify(vehicle_manager) by extension 'colcon_pkg'
[0.333s] Level 1:colcon.colcon_core.package_identification:_identify(vehicle_manager) by extensions ['colcon_meta']
[0.333s] Level 1:colcon.colcon_core.package_identification:_identify(vehicle_manager) by extension 'colcon_meta'
[0.333s] Level 1:colcon.colcon_core.package_identification:_identify(vehicle_manager) by extensions ['ros']
[0.333s] Level 1:colcon.colcon_core.package_identification:_identify(vehicle_manager) by extension 'ros'
[0.333s] DEBUG:colcon.colcon_core.package_identification:Package 'vehicle_manager' with type 'ros.ament_python' and name 'vehicle_manager'
[0.333s] Level 1:colcon.colcon_core.package_discovery:discover_packages(recursive) using defaults
[0.333s] Level 1:colcon.colcon_core.package_discovery:discover_packages(ignore) discover
[0.333s] Level 1:colcon.colcon_core.package_discovery:discover_packages(ignore) using defaults
[0.333s] Level 1:colcon.colcon_core.package_discovery:discover_packages(path) discover
[0.333s] Level 1:colcon.colcon_core.package_discovery:discover_packages(path) using defaults
[0.353s] Level 5:colcon.colcon_core.verb:set package 'data_collector_node' build argument 'cmake_args' from command line to 'None'
[0.353s] Level 5:colcon.colcon_core.verb:set package 'data_collector_node' build argument 'cmake_target' from command line to 'None'
[0.353s] Level 5:colcon.colcon_core.verb:set package 'data_collector_node' build argument 'cmake_target_skip_unavailable' from command line to 'False'
[0.353s] Level 5:colcon.colcon_core.verb:set package 'data_collector_node' build argument 'cmake_clean_cache' from command line to 'False'
[0.353s] Level 5:colcon.colcon_core.verb:set package 'data_collector_node' build argument 'cmake_clean_first' from command line to 'False'
[0.353s] Level 5:colcon.colcon_core.verb:set package 'data_collector_node' build argument 'cmake_force_configure' from command line to 'False'
[0.353s] Level 5:colcon.colcon_core.verb:set package 'data_collector_node' build argument 'ament_cmake_args' from command line to 'None'
[0.353s] Level 5:colcon.colcon_core.verb:set package 'data_collector_node' build argument 'catkin_cmake_args' from command line to 'None'
[0.353s] Level 5:colcon.colcon_core.verb:set package 'data_collector_node' build argument 'catkin_skip_building_tests' from command line to 'False'
[0.353s] DEBUG:colcon.colcon_core.verb:Building package 'data_collector_node' with the following arguments: {'ament_cmake_args': None, 'build_base': '/ros_bridge/src/build/data_collector_node', 'catkin_cmake_args': None, 'catkin_skip_building_tests': False, 'cmake_args': None, 'cmake_clean_cache': False, 'cmake_clean_first': False, 'cmake_force_configure': False, 'cmake_target': None, 'cmake_target_skip_unavailable': False, 'install_base': '/ros_bridge/src/install/data_collector_node', 'merge_install': False, 'path': '/ros_bridge/src/data_collector_node', 'symlink_install': False, 'test_result_base': None}
[0.354s] Level 5:colcon.colcon_core.verb:set package 'data_process_node' build argument 'cmake_args' from command line to 'None'
[0.354s] Level 5:colcon.colcon_core.verb:set package 'data_process_node' build argument 'cmake_target' from command line to 'None'
[0.354s] Level 5:colcon.colcon_core.verb:set package 'data_process_node' build argument 'cmake_target_skip_unavailable' from command line to 'False'
[0.354s] Level 5:colcon.colcon_core.verb:set package 'data_process_node' build argument 'cmake_clean_cache' from command line to 'False'
[0.354s] Level 5:colcon.colcon_core.verb:set package 'data_process_node' build argument 'cmake_clean_first' from command line to 'False'
[0.354s] Level 5:colcon.colcon_core.verb:set package 'data_process_node' build argument 'cmake_force_configure' from command line to 'False'
[0.354s] Level 5:colcon.colcon_core.verb:set package 'data_process_node' build argument 'ament_cmake_args' from command line to 'None'
[0.354s] Level 5:colcon.colcon_core.verb:set package 'data_process_node' build argument 'catkin_cmake_args' from command line to 'None'
[0.354s] Level 5:colcon.colcon_core.verb:set package 'data_process_node' build argument 'catkin_skip_building_tests' from command line to 'False'
[0.354s] DEBUG:colcon.colcon_core.verb:Building package 'data_process_node' with the following arguments: {'ament_cmake_args': None, 'build_base': '/ros_bridge/src/build/data_process_node', 'catkin_cmake_args': None, 'catkin_skip_building_tests': False, 'cmake_args': None, 'cmake_clean_cache': False, 'cmake_clean_first': False, 'cmake_force_configure': False, 'cmake_target': None, 'cmake_target_skip_unavailable': False, 'install_base': '/ros_bridge/src/install/data_process_node', 'merge_install': False, 'path': '/ros_bridge/src/data_process_node', 'symlink_install': False, 'test_result_base': None}
[0.355s] Level 5:colcon.colcon_core.verb:set package 'sensors_data' build argument 'cmake_args' from command line to 'None'
[0.355s] Level 5:colcon.colcon_core.verb:set package 'sensors_data' build argument 'cmake_target' from command line to 'None'
[0.355s] Level 5:colcon.colcon_core.verb:set package 'sensors_data' build argument 'cmake_target_skip_unavailable' from command line to 'False'
[0.355s] Level 5:colcon.colcon_core.verb:set package 'sensors_data' build argument 'cmake_clean_cache' from command line to 'False'
[0.355s] Level 5:colcon.colcon_core.verb:set package 'sensors_data' build argument 'cmake_clean_first' from command line to 'False'
[0.355s] Level 5:colcon.colcon_core.verb:set package 'sensors_data' build argument 'cmake_force_configure' from command line to 'False'
[0.355s] Level 5:colcon.colcon_core.verb:set package 'sensors_data' build argument 'ament_cmake_args' from command line to 'None'
[0.355s] Level 5:colcon.colcon_core.verb:set package 'sensors_data' build argument 'catkin_cmake_args' from command line to 'None'
[0.355s] Level 5:colcon.colcon_core.verb:set package 'sensors_data' build argument 'catkin_skip_building_tests' from command line to 'False'
[0.355s] DEBUG:colcon.colcon_core.verb:Building package 'sensors_data' with the following arguments: {'ament_cmake_args': None, 'build_base': '/ros_bridge/src/build/sensors_data', 'catkin_cmake_args': None, 'catkin_skip_building_tests': False, 'cmake_args': None, 'cmake_clean_cache': False, 'cmake_clean_first': False, 'cmake_force_configure': False, 'cmake_target': None, 'cmake_target_skip_unavailable': False, 'install_base': '/ros_bridge/src/install/sensors_data', 'merge_install': False, 'path': '/ros_bridge/src/sensors_data', 'symlink_install': False, 'test_result_base': None}
[0.355s] Level 5:colcon.colcon_core.verb:set package 'vehicle_manager' build argument 'cmake_args' from command line to 'None'
[0.355s] Level 5:colcon.colcon_core.verb:set package 'vehicle_manager' build argument 'cmake_target' from command line to 'None'
[0.356s] Level 5:colcon.colcon_core.verb:set package 'vehicle_manager' build argument 'cmake_target_skip_unavailable' from command line to 'False'
[0.356s] Level 5:colcon.colcon_core.verb:set package 'vehicle_manager' build argument 'cmake_clean_cache' from command line to 'False'
[0.356s] Level 5:colcon.colcon_core.verb:set package 'vehicle_manager' build argument 'cmake_clean_first' from command line to 'False'
[0.356s] Level 5:colcon.colcon_core.verb:set package 'vehicle_manager' build argument 'cmake_force_configure' from command line to 'False'
[0.356s] Level 5:colcon.colcon_core.verb:set package 'vehicle_manager' build argument 'ament_cmake_args' from command line to 'None'
[0.356s] Level 5:colcon.colcon_core.verb:set package 'vehicle_manager' build argument 'catkin_cmake_args' from command line to 'None'
[0.356s] Level 5:colcon.colcon_core.verb:set package 'vehicle_manager' build argument 'catkin_skip_building_tests' from command line to 'False'
[0.356s] DEBUG:colcon.colcon_core.verb:Building package 'vehicle_manager' with the following arguments: {'ament_cmake_args': None, 'build_base': '/ros_bridge/src/build/vehicle_manager', 'catkin_cmake_args': None, 'catkin_skip_building_tests': False, 'cmake_args': None, 'cmake_clean_cache': False, 'cmake_clean_first': False, 'cmake_force_configure': False, 'cmake_target': None, 'cmake_target_skip_unavailable': False, 'install_base': '/ros_bridge/src/install/vehicle_manager', 'merge_install': False, 'path': '/ros_bridge/src/vehicle_manager', 'symlink_install': False, 'test_result_base': None}
[0.356s] Level 5:colcon.colcon_core.verb:set package 'client_node' build argument 'cmake_args' from command line to 'None'
[0.356s] Level 5:colcon.colcon_core.verb:set package 'client_node' build argument 'cmake_target' from command line to 'None'
[0.356s] Level 5:colcon.colcon_core.verb:set package 'client_node' build argument 'cmake_target_skip_unavailable' from command line to 'False'
[0.356s] Level 5:colcon.colcon_core.verb:set package 'client_node' build argument 'cmake_clean_cache' from command line to 'False'
[0.356s] Level 5:colcon.colcon_core.verb:set package 'client_node' build argument 'cmake_clean_first' from command line to 'False'
[0.356s] Level 5:colcon.colcon_core.verb:set package 'client_node' build argument 'cmake_force_configure' from command line to 'False'
[0.356s] Level 5:colcon.colcon_core.verb:set package 'client_node' build argument 'ament_cmake_args' from command line to 'None'
[0.356s] Level 5:colcon.colcon_core.verb:set package 'client_node' build argument 'catkin_cmake_args' from command line to 'None'
[0.357s] Level 5:colcon.colcon_core.verb:set package 'client_node' build argument 'catkin_skip_building_tests' from command line to 'False'
[0.357s] DEBUG:colcon.colcon_core.verb:Building package 'client_node' with the following arguments: {'ament_cmake_args': None, 'build_base': '/ros_bridge/src/build/client_node', 'catkin_cmake_args': None, 'catkin_skip_building_tests': False, 'cmake_args': None, 'cmake_clean_cache': False, 'cmake_clean_first': False, 'cmake_force_configure': False, 'cmake_target': None, 'cmake_target_skip_unavailable': False, 'install_base': '/ros_bridge/src/install/client_node', 'merge_install': False, 'path': '/ros_bridge/src/client_node', 'symlink_install': False, 'test_result_base': None}
[0.357s] Level 5:colcon.colcon_core.verb:set package 'map_loader' build argument 'cmake_args' from command line to 'None'
[0.357s] Level 5:colcon.colcon_core.verb:set package 'map_loader' build argument 'cmake_target' from command line to 'None'
[0.357s] Level 5:colcon.colcon_core.verb:set package 'map_loader' build argument 'cmake_target_skip_unavailable' from command line to 'False'
[0.357s] Level 5:colcon.colcon_core.verb:set package 'map_loader' build argument 'cmake_clean_cache' from command line to 'False'
[0.357s] Level 5:colcon.colcon_core.verb:set package 'map_loader' build argument 'cmake_clean_first' from command line to 'False'
[0.357s] Level 5:colcon.colcon_core.verb:set package 'map_loader' build argument 'cmake_force_configure' from command line to 'False'
[0.357s] Level 5:colcon.colcon_core.verb:set package 'map_loader' build argument 'ament_cmake_args' from command line to 'None'
[0.357s] Level 5:colcon.colcon_core.verb:set package 'map_loader' build argument 'catkin_cmake_args' from command line to 'None'
[0.357s] Level 5:colcon.colcon_core.verb:set package 'map_loader' build argument 'catkin_skip_building_tests' from command line to 'False'
[0.357s] DEBUG:colcon.colcon_core.verb:Building package 'map_loader' with the following arguments: {'ament_cmake_args': None, 'build_base': '/ros_bridge/src/build/map_loader', 'catkin_cmake_args': None, 'catkin_skip_building_tests': False, 'cmake_args': None, 'cmake_clean_cache': False, 'cmake_clean_first': False, 'cmake_force_configure': False, 'cmake_target': None, 'cmake_target_skip_unavailable': False, 'install_base': '/ros_bridge/src/install/map_loader', 'merge_install': False, 'path': '/ros_bridge/src/map_loader', 'symlink_install': False, 'test_result_base': None}
[0.358s] Level 5:colcon.colcon_core.verb:set package 'ros_bridge_launch' build argument 'cmake_args' from command line to 'None'
[0.358s] Level 5:colcon.colcon_core.verb:set package 'ros_bridge_launch' build argument 'cmake_target' from command line to 'None'
[0.358s] Level 5:colcon.colcon_core.verb:set package 'ros_bridge_launch' build argument 'cmake_target_skip_unavailable' from command line to 'False'
[0.358s] Level 5:colcon.colcon_core.verb:set package 'ros_bridge_launch' build argument 'cmake_clean_cache' from command line to 'False'
[0.358s] Level 5:colcon.colcon_core.verb:set package 'ros_bridge_launch' build argument 'cmake_clean_first' from command line to 'False'
[0.358s] Level 5:colcon.colcon_core.verb:set package 'ros_bridge_launch' build argument 'cmake_force_configure' from command line to 'False'
[0.358s] Level 5:colcon.colcon_core.verb:set package 'ros_bridge_launch' build argument 'ament_cmake_args' from command line to 'None'
[0.358s] Level 5:colcon.colcon_core.verb:set package 'ros_bridge_launch' build argument 'catkin_cmake_args' from command line to 'None'
[0.358s] Level 5:colcon.colcon_core.verb:set package 'ros_bridge_launch' build argument 'catkin_skip_building_tests' from command line to 'False'
[0.358s] DEBUG:colcon.colcon_core.verb:Building package 'ros_bridge_launch' with the following arguments: {'ament_cmake_args': None, 'build_base': '/ros_bridge/src/build/ros_bridge_launch', 'catkin_cmake_args': None, 'catkin_skip_building_tests': False, 'cmake_args': None, 'cmake_clean_cache': False, 'cmake_clean_first': False, 'cmake_force_configure': False, 'cmake_target': None, 'cmake_target_skip_unavailable': False, 'install_base': '/ros_bridge/src/install/ros_bridge_launch', 'merge_install': False, 'path': '/ros_bridge/src/ros_bridge_launch', 'symlink_install': False, 'test_result_base': None}
[0.359s] INFO:colcon.colcon_core.executor:Executing jobs using 'parallel' executor
[0.362s] DEBUG:colcon.colcon_parallel_executor.executor.parallel:run_until_complete
[0.362s] INFO:colcon.colcon_ros.task.ament_python.build:Building ROS package in '/ros_bridge/src/sensors_data' with build type 'ament_python'
[0.362s] Level 1:colcon.colcon_core.shell:create_environment_hook('sensors_data', 'ament_prefix_path')
[0.366s] INFO:colcon.colcon_core.plugin_system:Skipping extension 'colcon_core.shell.bat': Not used on non-Windows systems
[0.367s] INFO:colcon.colcon_core.shell:Creating environment hook '/ros_bridge/src/install/sensors_data/share/sensors_data/hook/ament_prefix_path.ps1'
[0.367s] INFO:colcon.colcon_core.shell:Creating environment descriptor '/ros_bridge/src/install/sensors_data/share/sensors_data/hook/ament_prefix_path.dsv'
[0.368s] INFO:colcon.colcon_core.shell:Creating environment hook '/ros_bridge/src/install/sensors_data/share/sensors_data/hook/ament_prefix_path.sh'
[0.369s] INFO:colcon.colcon_core.shell:Skip shell extension 'powershell' for command environment: Not usable outside of PowerShell
[0.369s] DEBUG:colcon.colcon_core.shell:Skip shell extension 'dsv' for command environment
[0.380s] INFO:colcon.colcon_ros.task.ament_python.build:Building ROS package in '/ros_bridge/src/data_collector_node' with build type 'ament_python'
[0.380s] Level 1:colcon.colcon_core.shell:create_environment_hook('data_collector_node', 'ament_prefix_path')
[0.382s] INFO:colcon.colcon_core.shell:Creating environment hook '/ros_bridge/src/install/data_collector_node/share/data_collector_node/hook/ament_prefix_path.ps1'
[0.383s] INFO:colcon.colcon_core.shell:Creating environment descriptor '/ros_bridge/src/install/data_collector_node/share/data_collector_node/hook/ament_prefix_path.dsv'
[0.383s] INFO:colcon.colcon_core.shell:Creating environment hook '/ros_bridge/src/install/data_collector_node/share/data_collector_node/hook/ament_prefix_path.sh'
[0.384s] INFO:colcon.colcon_core.shell:Skip shell extension 'powershell' for command environment: Not usable outside of PowerShell
[0.384s] DEBUG:colcon.colcon_core.shell:Skip shell extension 'dsv' for command environment
[0.391s] INFO:colcon.colcon_ros.task.ament_python.build:Building ROS package in '/ros_bridge/src/data_process_node' with build type 'ament_python'
[0.391s] Level 1:colcon.colcon_core.shell:create_environment_hook('data_process_node', 'ament_prefix_path')
[0.393s] INFO:colcon.colcon_core.shell:Creating environment hook '/ros_bridge/src/install/data_process_node/share/data_process_node/hook/ament_prefix_path.ps1'
[0.393s] INFO:colcon.colcon_core.shell:Creating environment descriptor '/ros_bridge/src/install/data_process_node/share/data_process_node/hook/ament_prefix_path.dsv'
[0.393s] INFO:colcon.colcon_core.shell:Creating environment hook '/ros_bridge/src/install/data_process_node/share/data_process_node/hook/ament_prefix_path.sh'
[0.395s] INFO:colcon.colcon_core.shell:Skip shell extension 'powershell' for command environment: Not usable outside of PowerShell
[0.395s] DEBUG:colcon.colcon_core.shell:Skip shell extension 'dsv' for command environment
[0.402s] INFO:colcon.colcon_ros.task.ament_python.build:Building ROS package in '/ros_bridge/src/vehicle_manager' with build type 'ament_python'
[0.402s] Level 1:colcon.colcon_core.shell:create_environment_hook('vehicle_manager', 'ament_prefix_path')
[0.404s] INFO:colcon.colcon_core.shell:Creating environment hook '/ros_bridge/src/install/vehicle_manager/share/vehicle_manager/hook/ament_prefix_path.ps1'
[0.405s] INFO:colcon.colcon_core.shell:Creating environment descriptor '/ros_bridge/src/install/vehicle_manager/share/vehicle_manager/hook/ament_prefix_path.dsv'
[0.406s] INFO:colcon.colcon_core.shell:Creating environment hook '/ros_bridge/src/install/vehicle_manager/share/vehicle_manager/hook/ament_prefix_path.sh'
[0.407s] INFO:colcon.colcon_core.shell:Skip shell extension 'powershell' for command environment: Not usable outside of PowerShell
[0.408s] DEBUG:colcon.colcon_core.shell:Skip shell extension 'dsv' for command environment
[0.593s] INFO:colcon.colcon_core.task.python.build:Building Python package in '/ros_bridge/src/sensors_data'
[0.594s] INFO:colcon.colcon_core.shell:Skip shell extension 'powershell' for command environment: Not usable outside of PowerShell
[0.594s] DEBUG:colcon.colcon_core.shell:Skip shell extension 'dsv' for command environment
[0.780s] INFO:colcon.colcon_core.task.python.build:Building Python package in '/ros_bridge/src/data_collector_node'
[0.782s] INFO:colcon.colcon_core.shell:Skip shell extension 'powershell' for command environment: Not usable outside of PowerShell
[0.782s] DEBUG:colcon.colcon_core.shell:Skip shell extension 'dsv' for command environment
[0.968s] INFO:colcon.colcon_core.task.python.build:Building Python package in '/ros_bridge/src/data_process_node'
[0.970s] INFO:colcon.colcon_core.shell:Skip shell extension 'powershell' for command environment: Not usable outside of PowerShell
[0.970s] DEBUG:colcon.colcon_core.shell:Skip shell extension 'dsv' for command environment
[1.162s] INFO:colcon.colcon_core.task.python.build:Building Python package in '/ros_bridge/src/vehicle_manager'
[1.163s] INFO:colcon.colcon_core.shell:Skip shell extension 'powershell' for command environment: Not usable outside of PowerShell
[1.163s] DEBUG:colcon.colcon_core.shell:Skip shell extension 'dsv' for command environment
[1.511s] DEBUG:colcon.colcon_core.event_handler.log_command:Invoking command in '/ros_bridge/src/sensors_data': PYTHONPATH=/ros_bridge/src/build/sensors_data/prefix_override:/ros_bridge/src/install/sensors_data/lib/python3.8/site-packages:${PYTHONPATH} /usr/bin/python3 setup.py egg_info --egg-base ../build/sensors_data build --build-base /ros_bridge/src/build/sensors_data/build install --record /ros_bridge/src/build/sensors_data/install.log --single-version-externally-managed
[1.541s] DEBUG:colcon.colcon_core.event_handler.log_command:Invoking command in '/ros_bridge/src/vehicle_manager': PYTHONPATH=/ros_bridge/src/build/vehicle_manager/prefix_override:/ros_bridge/src/install/vehicle_manager/lib/python3.8/site-packages:${PYTHONPATH} /usr/bin/python3 setup.py egg_info --egg-base ../build/vehicle_manager build --build-base /ros_bridge/src/build/vehicle_manager/build install --record /ros_bridge/src/build/vehicle_manager/install.log --install-scripts $base/lib/vehicle_manager --single-version-externally-managed
[1.786s] Level 1:colcon.colcon_core.environment:checking '/ros_bridge/src/install/vehicle_manager' for CMake module files
[1.787s] Level 1:colcon.colcon_core.environment:checking '/ros_bridge/src/install/vehicle_manager' for CMake config files
[1.787s] Level 1:colcon.colcon_core.environment:checking '/ros_bridge/src/install/vehicle_manager/lib'
[1.788s] Level 1:colcon.colcon_core.environment:checking '/ros_bridge/src/install/vehicle_manager/bin'
[1.788s] Level 1:colcon.colcon_core.environment:checking '/ros_bridge/src/install/vehicle_manager/lib/pkgconfig/vehicle_manager.pc'
[1.788s] Level 1:colcon.colcon_core.environment:checking '/ros_bridge/src/install/vehicle_manager/lib/python3.8/site-packages'
[1.788s] Level 1:colcon.colcon_core.shell:create_environment_hook('vehicle_manager', 'pythonpath')
[1.789s] INFO:colcon.colcon_core.shell:Creating environment hook '/ros_bridge/src/install/vehicle_manager/share/vehicle_manager/hook/pythonpath.ps1'
[1.790s] INFO:colcon.colcon_core.shell:Creating environment descriptor '/ros_bridge/src/install/vehicle_manager/share/vehicle_manager/hook/pythonpath.dsv'
[1.790s] INFO:colcon.colcon_core.shell:Creating environment hook '/ros_bridge/src/install/vehicle_manager/share/vehicle_manager/hook/pythonpath.sh'
[1.791s] Level 1:colcon.colcon_core.environment:checking '/ros_bridge/src/install/vehicle_manager/bin'
[1.791s] Level 1:colcon.colcon_core.environment:create_environment_scripts_only(vehicle_manager)
[1.792s] INFO:colcon.colcon_core.shell:Creating package script '/ros_bridge/src/install/vehicle_manager/share/vehicle_manager/package.ps1'
[1.805s] INFO:colcon.colcon_core.shell:Creating package descriptor '/ros_bridge/src/install/vehicle_manager/share/vehicle_manager/package.dsv'
[1.805s] INFO:colcon.colcon_core.shell:Creating package script '/ros_bridge/src/install/vehicle_manager/share/vehicle_manager/package.sh'
[1.806s] INFO:colcon.colcon_core.shell:Creating package script '/ros_bridge/src/install/vehicle_manager/share/vehicle_manager/package.bash'
[1.792s] DEBUG:colcon.colcon_core.event_handler.log_command:Invoked command in '/ros_bridge/src/vehicle_manager' returned '0': PYTHONPATH=/ros_bridge/src/build/vehicle_manager/prefix_override:/ros_bridge/src/install/vehicle_manager/lib/python3.8/site-packages:${PYTHONPATH} /usr/bin/python3 setup.py egg_info --egg-base ../build/vehicle_manager build --build-base /ros_bridge/src/build/vehicle_manager/build install --record /ros_bridge/src/build/vehicle_manager/install.log --install-scripts $base/lib/vehicle_manager --single-version-externally-managed
[1.806s] INFO:colcon.colcon_core.shell:Creating package script '/ros_bridge/src/install/vehicle_manager/share/vehicle_manager/package.zsh'
[1.809s] Level 1:colcon.colcon_core.environment:create_file_with_runtime_dependencies(/ros_bridge/src/install/vehicle_manager/share/colcon-core/packages/vehicle_manager)
[1.833s] DEBUG:colcon.colcon_core.event_handler.log_command:Invoking command in '/ros_bridge/src/data_collector_node': PYTHONPATH=/ros_bridge/src/build/data_collector_node/prefix_override:/ros_bridge/src/install/data_collector_node/lib/python3.8/site-packages:${PYTHONPATH} /usr/bin/python3 setup.py egg_info --egg-base ../build/data_collector_node build --build-base /ros_bridge/src/build/data_collector_node/build install --record /ros_bridge/src/build/data_collector_node/install.log --single-version-externally-managed
[1.838s] Level 1:colcon.colcon_core.environment:checking '/ros_bridge/src/install/sensors_data' for CMake module files
[1.839s] Level 1:colcon.colcon_core.environment:checking '/ros_bridge/src/install/sensors_data' for CMake config files
[1.839s] DEBUG:colcon.colcon_core.event_handler.log_command:Invoked command in '/ros_bridge/src/sensors_data' returned '0': PYTHONPATH=/ros_bridge/src/build/sensors_data/prefix_override:/ros_bridge/src/install/sensors_data/lib/python3.8/site-packages:${PYTHONPATH} /usr/bin/python3 setup.py egg_info --egg-base ../build/sensors_data build --build-base /ros_bridge/src/build/sensors_data/build install --record /ros_bridge/src/build/sensors_data/install.log --single-version-externally-managed
[1.839s] Level 1:colcon.colcon_core.environment:checking '/ros_bridge/src/install/sensors_data/lib'
[1.840s] Level 1:colcon.colcon_core.environment:checking '/ros_bridge/src/install/sensors_data/bin'
[1.840s] Level 1:colcon.colcon_core.environment:checking '/ros_bridge/src/install/sensors_data/lib/pkgconfig/sensors_data.pc'
[1.840s] Level 1:colcon.colcon_core.environment:checking '/ros_bridge/src/install/sensors_data/lib/python3.8/site-packages'
[1.840s] Level 1:colcon.colcon_core.shell:create_environment_hook('sensors_data', 'pythonpath')
[1.841s] INFO:colcon.colcon_core.shell:Creating environment hook '/ros_bridge/src/install/sensors_data/share/sensors_data/hook/pythonpath.ps1'
[1.842s] INFO:colcon.colcon_core.shell:Creating environment descriptor '/ros_bridge/src/install/sensors_data/share/sensors_data/hook/pythonpath.dsv'
[1.842s] INFO:colcon.colcon_core.shell:Creating environment hook '/ros_bridge/src/install/sensors_data/share/sensors_data/hook/pythonpath.sh'
[1.843s] Level 1:colcon.colcon_core.environment:checking '/ros_bridge/src/install/sensors_data/bin'
[1.843s] Level 1:colcon.colcon_core.environment:create_environment_scripts_only(sensors_data)
[1.844s] INFO:colcon.colcon_core.shell:Creating package script '/ros_bridge/src/install/sensors_data/share/sensors_data/package.ps1'
[1.844s] INFO:colcon.colcon_core.shell:Creating package descriptor '/ros_bridge/src/install/sensors_data/share/sensors_data/package.dsv'
[1.845s] INFO:colcon.colcon_core.shell:Creating package script '/ros_bridge/src/install/sensors_data/share/sensors_data/package.sh'
[1.845s] INFO:colcon.colcon_core.shell:Creating package script '/ros_bridge/src/install/sensors_data/share/sensors_data/package.bash'
[1.845s] INFO:colcon.colcon_core.shell:Creating package script '/ros_bridge/src/install/sensors_data/share/sensors_data/package.zsh'
[1.846s] Level 1:colcon.colcon_core.environment:create_file_with_runtime_dependencies(/ros_bridge/src/install/sensors_data/share/colcon-core/packages/sensors_data)
[1.846s] INFO:colcon.colcon_ros.task.ament_python.build:Building ROS package in '/ros_bridge/src/client_node' with build type 'ament_python'
[1.846s] Level 1:colcon.colcon_core.shell:create_environment_hook('client_node', 'ament_prefix_path')
[1.847s] INFO:colcon.colcon_core.shell:Creating environment hook '/ros_bridge/src/install/client_node/share/client_node/hook/ament_prefix_path.ps1'
[1.848s] INFO:colcon.colcon_core.shell:Creating environment descriptor '/ros_bridge/src/install/client_node/share/client_node/hook/ament_prefix_path.dsv'
[1.848s] INFO:colcon.colcon_core.shell:Creating environment hook '/ros_bridge/src/install/client_node/share/client_node/hook/ament_prefix_path.sh'
[1.849s] INFO:colcon.colcon_core.shell:Skip shell extension 'powershell' for command environment: Not usable outside of PowerShell
[1.850s] DEBUG:colcon.colcon_core.shell:Skip shell extension 'dsv' for command environment
[1.860s] DEBUG:colcon.colcon_core.event_handler.log_command:Invoking command in '/ros_bridge/src/data_process_node': PYTHONPATH=/ros_bridge/src/build/data_process_node/prefix_override:/ros_bridge/src/install/data_process_node/lib/python3.8/site-packages:${PYTHONPATH} /usr/bin/python3 setup.py egg_info --egg-base ../build/data_process_node build --build-base /ros_bridge/src/build/data_process_node/build install --record /ros_bridge/src/build/data_process_node/install.log --single-version-externally-managed
[2.041s] INFO:colcon.colcon_core.task.python.build:Building Python package in '/ros_bridge/src/client_node'
[2.042s] INFO:colcon.colcon_core.shell:Skip shell extension 'powershell' for command environment: Not usable outside of PowerShell
[2.042s] DEBUG:colcon.colcon_core.shell:Skip shell extension 'dsv' for command environment
[2.101s] DEBUG:colcon.colcon_core.event_handler.log_command:Invoked command in '/ros_bridge/src/data_collector_node' returned '0': PYTHONPATH=/ros_bridge/src/build/data_collector_node/prefix_override:/ros_bridge/src/install/data_collector_node/lib/python3.8/site-packages:${PYTHONPATH} /usr/bin/python3 setup.py egg_info --egg-base ../build/data_collector_node build --build-base /ros_bridge/src/build/data_collector_node/build install --record /ros_bridge/src/build/data_collector_node/install.log --single-version-externally-managed
[2.102s] Level 1:colcon.colcon_core.environment:checking '/ros_bridge/src/install/data_collector_node' for CMake module files
[2.103s] Level 1:colcon.colcon_core.environment:checking '/ros_bridge/src/install/data_collector_node' for CMake config files
[2.105s] Level 1:colcon.colcon_core.environment:checking '/ros_bridge/src/install/data_collector_node/lib'
[2.105s] Level 1:colcon.colcon_core.environment:checking '/ros_bridge/src/install/data_collector_node/bin'
[2.105s] Level 1:colcon.colcon_core.environment:checking '/ros_bridge/src/install/data_collector_node/lib/pkgconfig/data_collector_node.pc'
[2.105s] Level 1:colcon.colcon_core.environment:checking '/ros_bridge/src/install/data_collector_node/lib/python3.8/site-packages'
[2.105s] Level 1:colcon.colcon_core.shell:create_environment_hook('data_collector_node', 'pythonpath')
[2.109s] INFO:colcon.colcon_core.shell:Creating environment hook '/ros_bridge/src/install/data_collector_node/share/data_collector_node/hook/pythonpath.ps1'
[2.110s] INFO:colcon.colcon_core.shell:Creating environment descriptor '/ros_bridge/src/install/data_collector_node/share/data_collector_node/hook/pythonpath.dsv'
[2.111s] INFO:colcon.colcon_core.shell:Creating environment hook '/ros_bridge/src/install/data_collector_node/share/data_collector_node/hook/pythonpath.sh'
[2.113s] Level 1:colcon.colcon_core.environment:checking '/ros_bridge/src/install/data_collector_node/bin'
[2.113s] Level 1:colcon.colcon_core.environment:create_environment_scripts_only(data_collector_node)
[2.118s] INFO:colcon.colcon_core.shell:Creating package script '/ros_bridge/src/install/data_collector_node/share/data_collector_node/package.ps1'
[2.119s] INFO:colcon.colcon_core.shell:Creating package descriptor '/ros_bridge/src/install/data_collector_node/share/data_collector_node/package.dsv'
[2.121s] INFO:colcon.colcon_core.shell:Creating package script '/ros_bridge/src/install/data_collector_node/share/data_collector_node/package.sh'
[2.122s] INFO:colcon.colcon_core.shell:Creating package script '/ros_bridge/src/install/data_collector_node/share/data_collector_node/package.bash'
[2.123s] INFO:colcon.colcon_core.shell:Creating package script '/ros_bridge/src/install/data_collector_node/share/data_collector_node/package.zsh'
[2.125s] Level 1:colcon.colcon_core.environment:create_file_with_runtime_dependencies(/ros_bridge/src/install/data_collector_node/share/colcon-core/packages/data_collector_node)
[2.130s] Level 1:colcon.colcon_core.environment:checking '/ros_bridge/src/install/data_process_node' for CMake module files
[2.131s] DEBUG:colcon.colcon_core.event_handler.log_command:Invoked command in '/ros_bridge/src/data_process_node' returned '0': PYTHONPATH=/ros_bridge/src/build/data_process_node/prefix_override:/ros_bridge/src/install/data_process_node/lib/python3.8/site-packages:${PYTHONPATH} /usr/bin/python3 setup.py egg_info --egg-base ../build/data_process_node build --build-base /ros_bridge/src/build/data_process_node/build install --record /ros_bridge/src/build/data_process_node/install.log --single-version-externally-managed
[2.131s] Level 1:colcon.colcon_core.environment:checking '/ros_bridge/src/install/data_process_node' for CMake config files
[2.132s] Level 1:colcon.colcon_core.environment:checking '/ros_bridge/src/install/data_process_node/lib'
[2.132s] Level 1:colcon.colcon_core.environment:checking '/ros_bridge/src/install/data_process_node/bin'
[2.133s] Level 1:colcon.colcon_core.environment:checking '/ros_bridge/src/install/data_process_node/lib/pkgconfig/data_process_node.pc'
[2.133s] Level 1:colcon.colcon_core.environment:checking '/ros_bridge/src/install/data_process_node/lib/python3.8/site-packages'
[2.133s] Level 1:colcon.colcon_core.shell:create_environment_hook('data_process_node', 'pythonpath')
[2.136s] INFO:colcon.colcon_core.shell:Creating environment hook '/ros_bridge/src/install/data_process_node/share/data_process_node/hook/pythonpath.ps1'
[2.137s] INFO:colcon.colcon_core.shell:Creating environment descriptor '/ros_bridge/src/install/data_process_node/share/data_process_node/hook/pythonpath.dsv'
[2.137s] INFO:colcon.colcon_core.shell:Creating environment hook '/ros_bridge/src/install/data_process_node/share/data_process_node/hook/pythonpath.sh'
[2.138s] Level 1:colcon.colcon_core.environment:checking '/ros_bridge/src/install/data_process_node/bin'
[2.138s] Level 1:colcon.colcon_core.environment:create_environment_scripts_only(data_process_node)
[2.139s] INFO:colcon.colcon_core.shell:Creating package script '/ros_bridge/src/install/data_process_node/share/data_process_node/package.ps1'
[2.139s] INFO:colcon.colcon_core.shell:Creating package descriptor '/ros_bridge/src/install/data_process_node/share/data_process_node/package.dsv'
[2.139s] INFO:colcon.colcon_core.shell:Creating package script '/ros_bridge/src/install/data_process_node/share/data_process_node/package.sh'
[2.141s] INFO:colcon.colcon_core.shell:Creating package script '/ros_bridge/src/install/data_process_node/share/data_process_node/package.bash'
[2.141s] INFO:colcon.colcon_core.shell:Creating package script '/ros_bridge/src/install/data_process_node/share/data_process_node/package.zsh'
[2.142s] Level 1:colcon.colcon_core.environment:create_file_with_runtime_dependencies(/ros_bridge/src/install/data_process_node/share/colcon-core/packages/data_process_node)
[2.433s] DEBUG:colcon.colcon_core.event_handler.log_command:Invoking command in '/ros_bridge/src/client_node': AMENT_PREFIX_PATH=/ros_bridge/src/install/sensors_data:${AMENT_PREFIX_PATH} PYTHONPATH=/ros_bridge/src/build/client_node/prefix_override:/ros_bridge/src/install/client_node/lib/python3.8/site-packages:/ros_bridge/src/install/sensors_data/lib/python3.8/site-packages:${PYTHONPATH} /usr/bin/python3 setup.py egg_info --egg-base ../build/client_node build --build-base /ros_bridge/src/build/client_node/build install --record /ros_bridge/src/build/client_node/install.log --single-version-externally-managed
[2.699s] Level 1:colcon.colcon_core.environment:checking '/ros_bridge/src/install/client_node' for CMake module files
[2.700s] DEBUG:colcon.colcon_core.event_handler.log_command:Invoked command in '/ros_bridge/src/client_node' returned '0': AMENT_PREFIX_PATH=/ros_bridge/src/install/sensors_data:${AMENT_PREFIX_PATH} PYTHONPATH=/ros_bridge/src/build/client_node/prefix_override:/ros_bridge/src/install/client_node/lib/python3.8/site-packages:/ros_bridge/src/install/sensors_data/lib/python3.8/site-packages:${PYTHONPATH} /usr/bin/python3 setup.py egg_info --egg-base ../build/client_node build --build-base /ros_bridge/src/build/client_node/build install --record /ros_bridge/src/build/client_node/install.log --single-version-externally-managed
[2.701s] Level 1:colcon.colcon_core.environment:checking '/ros_bridge/src/install/client_node' for CMake config files
[2.701s] Level 1:colcon.colcon_core.environment:checking '/ros_bridge/src/install/client_node/lib'
[2.702s] Level 1:colcon.colcon_core.environment:checking '/ros_bridge/src/install/client_node/bin'
[2.702s] Level 1:colcon.colcon_core.environment:checking '/ros_bridge/src/install/client_node/lib/pkgconfig/client_node.pc'
[2.702s] Level 1:colcon.colcon_core.environment:checking '/ros_bridge/src/install/client_node/lib/python3.8/site-packages'
[2.702s] Level 1:colcon.colcon_core.shell:create_environment_hook('client_node', 'pythonpath')
[2.703s] INFO:colcon.colcon_core.shell:Creating environment hook '/ros_bridge/src/install/client_node/share/client_node/hook/pythonpath.ps1'
[2.704s] INFO:colcon.colcon_core.shell:Creating environment descriptor '/ros_bridge/src/install/client_node/share/client_node/hook/pythonpath.dsv'
[2.704s] INFO:colcon.colcon_core.shell:Creating environment hook '/ros_bridge/src/install/client_node/share/client_node/hook/pythonpath.sh'
[2.704s] Level 1:colcon.colcon_core.environment:checking '/ros_bridge/src/install/client_node/bin'
[2.704s] Level 1:colcon.colcon_core.environment:create_environment_scripts_only(client_node)
[2.706s] INFO:colcon.colcon_core.shell:Creating package script '/ros_bridge/src/install/client_node/share/client_node/package.ps1'
[2.706s] INFO:colcon.colcon_core.shell:Creating package descriptor '/ros_bridge/src/install/client_node/share/client_node/package.dsv'
[2.706s] INFO:colcon.colcon_core.shell:Creating package script '/ros_bridge/src/install/client_node/share/client_node/package.sh'
[2.707s] INFO:colcon.colcon_core.shell:Creating package script '/ros_bridge/src/install/client_node/share/client_node/package.bash'
[2.707s] INFO:colcon.colcon_core.shell:Creating package script '/ros_bridge/src/install/client_node/share/client_node/package.zsh'
[2.707s] Level 1:colcon.colcon_core.environment:create_file_with_runtime_dependencies(/ros_bridge/src/install/client_node/share/colcon-core/packages/client_node)
[2.708s] INFO:colcon.colcon_ros.task.ament_python.build:Building ROS package in '/ros_bridge/src/map_loader' with build type 'ament_python'
[2.708s] Level 1:colcon.colcon_core.shell:create_environment_hook('map_loader', 'ament_prefix_path')
[2.710s] INFO:colcon.colcon_core.shell:Creating environment hook '/ros_bridge/src/install/map_loader/share/map_loader/hook/ament_prefix_path.ps1'
[2.710s] INFO:colcon.colcon_core.shell:Creating environment descriptor '/ros_bridge/src/install/map_loader/share/map_loader/hook/ament_prefix_path.dsv'
[2.711s] INFO:colcon.colcon_core.shell:Creating environment hook '/ros_bridge/src/install/map_loader/share/map_loader/hook/ament_prefix_path.sh'
[2.712s] INFO:colcon.colcon_core.shell:Skip shell extension 'powershell' for command environment: Not usable outside of PowerShell
[2.712s] DEBUG:colcon.colcon_core.shell:Skip shell extension 'dsv' for command environment
[2.719s] INFO:colcon.colcon_ros.task.ament_python.build:Building ROS package in '/ros_bridge/src/ros_bridge_launch' with build type 'ament_python'
[2.720s] Level 1:colcon.colcon_core.shell:create_environment_hook('ros_bridge_launch', 'ament_prefix_path')
[2.721s] INFO:colcon.colcon_core.shell:Creating environment hook '/ros_bridge/src/install/ros_bridge_launch/share/ros_bridge_launch/hook/ament_prefix_path.ps1'
[2.722s] INFO:colcon.colcon_core.shell:Creating environment descriptor '/ros_bridge/src/install/ros_bridge_launch/share/ros_bridge_launch/hook/ament_prefix_path.dsv'
[2.722s] INFO:colcon.colcon_core.shell:Creating environment hook '/ros_bridge/src/install/ros_bridge_launch/share/ros_bridge_launch/hook/ament_prefix_path.sh'
[2.724s] INFO:colcon.colcon_core.shell:Skip shell extension 'powershell' for command environment: Not usable outside of PowerShell
[2.724s] DEBUG:colcon.colcon_core.shell:Skip shell extension 'dsv' for command environment
[2.914s] INFO:colcon.colcon_core.task.python.build:Building Python package in '/ros_bridge/src/map_loader'
[2.916s] INFO:colcon.colcon_core.shell:Skip shell extension 'powershell' for command environment: Not usable outside of PowerShell
[2.916s] DEBUG:colcon.colcon_core.shell:Skip shell extension 'dsv' for command environment
[3.118s] INFO:colcon.colcon_core.task.python.build:Building Python package in '/ros_bridge/src/ros_bridge_launch'
[3.120s] INFO:colcon.colcon_core.shell:Skip shell extension 'powershell' for command environment: Not usable outside of PowerShell
[3.120s] DEBUG:colcon.colcon_core.shell:Skip shell extension 'dsv' for command environment
[3.529s] DEBUG:colcon.colcon_core.event_handler.log_command:Invoking command in '/ros_bridge/src/map_loader': AMENT_PREFIX_PATH=/ros_bridge/src/install/client_node:/ros_bridge/src/install/sensors_data:${AMENT_PREFIX_PATH} PYTHONPATH=/ros_bridge/src/build/map_loader/prefix_override:/ros_bridge/src/install/map_loader/lib/python3.8/site-packages:/ros_bridge/src/install/client_node/lib/python3.8/site-packages:/ros_bridge/src/install/sensors_data/lib/python3.8/site-packages:${PYTHONPATH} /usr/bin/python3 setup.py egg_info --egg-base ../build/map_loader build --build-base /ros_bridge/src/build/map_loader/build install --record /ros_bridge/src/build/map_loader/install.log --single-version-externally-managed
[3.536s] DEBUG:colcon.colcon_core.event_handler.log_command:Invoking command in '/ros_bridge/src/ros_bridge_launch': AMENT_PREFIX_PATH=/ros_bridge/src/install/client_node:/ros_bridge/src/install/sensors_data:${AMENT_PREFIX_PATH} PYTHONPATH=/ros_bridge/src/build/ros_bridge_launch/prefix_override:/ros_bridge/src/install/ros_bridge_launch/lib/python3.8/site-packages:/ros_bridge/src/install/client_node/lib/python3.8/site-packages:/ros_bridge/src/install/sensors_data/lib/python3.8/site-packages:${PYTHONPATH} /usr/bin/python3 setup.py egg_info --egg-base ../build/ros_bridge_launch build --build-base /ros_bridge/src/build/ros_bridge_launch/build install --record /ros_bridge/src/build/ros_bridge_launch/install.log --single-version-externally-managed
[3.783s] Level 1:colcon.colcon_core.environment:checking '/ros_bridge/src/install/map_loader' for CMake module files
[3.783s] DEBUG:colcon.colcon_core.event_handler.log_command:Invoked command in '/ros_bridge/src/map_loader' returned '0': AMENT_PREFIX_PATH=/ros_bridge/src/install/client_node:/ros_bridge/src/install/sensors_data:${AMENT_PREFIX_PATH} PYTHONPATH=/ros_bridge/src/build/map_loader/prefix_override:/ros_bridge/src/install/map_loader/lib/python3.8/site-packages:/ros_bridge/src/install/client_node/lib/python3.8/site-packages:/ros_bridge/src/install/sensors_data/lib/python3.8/site-packages:${PYTHONPATH} /usr/bin/python3 setup.py egg_info --egg-base ../build/map_loader build --build-base /ros_bridge/src/build/map_loader/build install --record /ros_bridge/src/build/map_loader/install.log --single-version-externally-managed
[3.784s] Level 1:colcon.colcon_core.environment:checking '/ros_bridge/src/install/map_loader' for CMake config files
[3.784s] Level 1:colcon.colcon_core.environment:checking '/ros_bridge/src/install/map_loader/lib'
[3.785s] Level 1:colcon.colcon_core.environment:checking '/ros_bridge/src/install/map_loader/bin'
[3.785s] Level 1:colcon.colcon_core.environment:checking '/ros_bridge/src/install/map_loader/lib/pkgconfig/map_loader.pc'
[3.785s] Level 1:colcon.colcon_core.environment:checking '/ros_bridge/src/install/map_loader/lib/python3.8/site-packages'
[3.785s] Level 1:colcon.colcon_core.shell:create_environment_hook('map_loader', 'pythonpath')
[3.786s] INFO:colcon.colcon_core.shell:Creating environment hook '/ros_bridge/src/install/map_loader/share/map_loader/hook/pythonpath.ps1'
[3.787s] INFO:colcon.colcon_core.shell:Creating environment descriptor '/ros_bridge/src/install/map_loader/share/map_loader/hook/pythonpath.dsv'
[3.787s] INFO:colcon.colcon_core.shell:Creating environment hook '/ros_bridge/src/install/map_loader/share/map_loader/hook/pythonpath.sh'
[3.788s] Level 1:colcon.colcon_core.environment:checking '/ros_bridge/src/install/map_loader/bin'
[3.788s] Level 1:colcon.colcon_core.environment:create_environment_scripts_only(map_loader)
[3.789s] INFO:colcon.colcon_core.shell:Creating package script '/ros_bridge/src/install/map_loader/share/map_loader/package.ps1'
[3.790s] INFO:colcon.colcon_core.shell:Creating package descriptor '/ros_bridge/src/install/map_loader/share/map_loader/package.dsv'
[3.790s] INFO:colcon.colcon_core.shell:Creating package script '/ros_bridge/src/install/map_loader/share/map_loader/package.sh'
[3.791s] INFO:colcon.colcon_core.shell:Creating package script '/ros_bridge/src/install/map_loader/share/map_loader/package.bash'
[3.791s] INFO:colcon.colcon_core.shell:Creating package script '/ros_bridge/src/install/map_loader/share/map_loader/package.zsh'
[3.791s] Level 1:colcon.colcon_core.environment:create_file_with_runtime_dependencies(/ros_bridge/src/install/map_loader/share/colcon-core/packages/map_loader)
[3.805s] Level 1:colcon.colcon_core.environment:checking '/ros_bridge/src/install/ros_bridge_launch' for CMake module files
[3.806s] DEBUG:colcon.colcon_core.event_handler.log_command:Invoked command in '/ros_bridge/src/ros_bridge_launch' returned '0': AMENT_PREFIX_PATH=/ros_bridge/src/install/client_node:/ros_bridge/src/install/sensors_data:${AMENT_PREFIX_PATH} PYTHONPATH=/ros_bridge/src/build/ros_bridge_launch/prefix_override:/ros_bridge/src/install/ros_bridge_launch/lib/python3.8/site-packages:/ros_bridge/src/install/client_node/lib/python3.8/site-packages:/ros_bridge/src/install/sensors_data/lib/python3.8/site-packages:${PYTHONPATH} /usr/bin/python3 setup.py egg_info --egg-base ../build/ros_bridge_launch build --build-base /ros_bridge/src/build/ros_bridge_launch/build install --record /ros_bridge/src/build/ros_bridge_launch/install.log --single-version-externally-managed
[3.806s] Level 1:colcon.colcon_core.environment:checking '/ros_bridge/src/install/ros_bridge_launch' for CMake config files
[3.807s] Level 1:colcon.colcon_core.environment:checking '/ros_bridge/src/install/ros_bridge_launch/lib'
[3.807s] Level 1:colcon.colcon_core.environment:checking '/ros_bridge/src/install/ros_bridge_launch/bin'
[3.807s] Level 1:colcon.colcon_core.environment:checking '/ros_bridge/src/install/ros_bridge_launch/lib/pkgconfig/ros_bridge_launch.pc'
[3.807s] Level 1:colcon.colcon_core.environment:checking '/ros_bridge/src/install/ros_bridge_launch/lib/python3.8/site-packages'
[3.807s] Level 1:colcon.colcon_core.shell:create_environment_hook('ros_bridge_launch', 'pythonpath')
[3.808s] INFO:colcon.colcon_core.shell:Creating environment hook '/ros_bridge/src/install/ros_bridge_launch/share/ros_bridge_launch/hook/pythonpath.ps1'
[3.809s] INFO:colcon.colcon_core.shell:Creating environment descriptor '/ros_bridge/src/install/ros_bridge_launch/share/ros_bridge_launch/hook/pythonpath.dsv'
[3.809s] INFO:colcon.colcon_core.shell:Creating environment hook '/ros_bridge/src/install/ros_bridge_launch/share/ros_bridge_launch/hook/pythonpath.sh'
[3.809s] Level 1:colcon.colcon_core.environment:checking '/ros_bridge/src/install/ros_bridge_launch/bin'
[3.810s] Level 1:colcon.colcon_core.environment:create_environment_scripts_only(ros_bridge_launch)
[3.811s] INFO:colcon.colcon_core.shell:Creating package script '/ros_bridge/src/install/ros_bridge_launch/share/ros_bridge_launch/package.ps1'
[3.811s] INFO:colcon.colcon_core.shell:Creating package descriptor '/ros_bridge/src/install/ros_bridge_launch/share/ros_bridge_launch/package.dsv'
[3.812s] INFO:colcon.colcon_core.shell:Creating package script '/ros_bridge/src/install/ros_bridge_launch/share/ros_bridge_launch/package.sh'
[3.812s] INFO:colcon.colcon_core.shell:Creating package script '/ros_bridge/src/install/ros_bridge_launch/share/ros_bridge_launch/package.bash'
[3.812s] INFO:colcon.colcon_core.shell:Creating package script '/ros_bridge/src/install/ros_bridge_launch/share/ros_bridge_launch/package.zsh'
[3.813s] Level 1:colcon.colcon_core.environment:create_file_with_runtime_dependencies(/ros_bridge/src/install/ros_bridge_launch/share/colcon-core/packages/ros_bridge_launch)
[3.813s] DEBUG:colcon.colcon_parallel_executor.executor.parallel:closing loop
[3.814s] DEBUG:colcon.colcon_parallel_executor.executor.parallel:loop closed
[3.814s] DEBUG:colcon.colcon_parallel_executor.executor.parallel:run_until_complete finished with '0'
[3.814s] DEBUG:colcon.colcon_core.event_reactor:joining thread
[3.820s] INFO:colcon.colcon_core.plugin_system:Skipping extension 'colcon_notification.desktop_notification.notify_send': Could not find 'notify-send'
[3.820s] INFO:colcon.colcon_core.plugin_system:Skipping extension 'colcon_notification.desktop_notification.terminal_notifier': Not used on non-Darwin systems
[3.820s] INFO:colcon.colcon_core.plugin_system:Skipping extension 'colcon_notification.desktop_notification.win32': Not used on non-Windows systems
[3.820s] INFO:colcon.colcon_notification.desktop_notification:Sending desktop notification using 'notify2'
[3.820s] DEBUG:colcon.colcon_notification.desktop_notification.notify2:Failed to initialize notify2: org.freedesktop.DBus.Error.NotSupported: Unable to autolaunch a dbus-daemon without a $DISPLAY for X11
[3.820s] DEBUG:colcon.colcon_core.event_reactor:joined thread
[3.822s] INFO:colcon.colcon_core.shell:Creating prefix script '/ros_bridge/src/install/local_setup.ps1'
[3.823s] INFO:colcon.colcon_core.shell:Creating prefix util module '/ros_bridge/src/install/_local_setup_util_ps1.py'
[3.824s] INFO:colcon.colcon_core.shell:Creating prefix chain script '/ros_bridge/src/install/setup.ps1'
[3.825s] INFO:colcon.colcon_core.shell:Creating prefix script '/ros_bridge/src/install/local_setup.sh'
[3.826s] INFO:colcon.colcon_core.shell:Creating prefix util module '/ros_bridge/src/install/_local_setup_util_sh.py'
[3.826s] INFO:colcon.colcon_core.shell:Creating prefix chain script '/ros_bridge/src/install/setup.sh'
[3.827s] INFO:colcon.colcon_core.shell:Creating prefix script '/ros_bridge/src/install/local_setup.bash'
[3.828s] INFO:colcon.colcon_core.shell:Creating prefix chain script '/ros_bridge/src/install/setup.bash'
[3.829s] INFO:colcon.colcon_core.shell:Creating prefix script '/ros_bridge/src/install/local_setup.zsh'
[3.829s] INFO:colcon.colcon_core.shell:Creating prefix chain script '/ros_bridge/src/install/setup.zsh'
