running egg_info
creating ../build/map_loader/map_loader.egg-info
writing ../build/map_loader/map_loader.egg-info/PKG-INFO
writing dependency_links to ../build/map_loader/map_loader.egg-info/dependency_links.txt
writing entry points to ../build/map_loader/map_loader.egg-info/entry_points.txt
writing requirements to ../build/map_loader/map_loader.egg-info/requires.txt
writing top-level names to ../build/map_loader/map_loader.egg-info/top_level.txt
writing manifest file '../build/map_loader/map_loader.egg-info/SOURCES.txt'
reading manifest file '../build/map_loader/map_loader.egg-info/SOURCES.txt'
writing manifest file '../build/map_loader/map_loader.egg-info/SOURCES.txt'
running build
running build_py
creating /ros_bridge/src/build/map_loader/build
creating /ros_bridge/src/build/map_loader/build/lib
creating /ros_bridge/src/build/map_loader/build/lib/map_loader
copying map_loader/__init__.py -> /ros_bridge/src/build/map_loader/build/lib/map_loader
copying map_loader/load_map.py -> /ros_bridge/src/build/map_loader/build/lib/map_loader
running install
running install_lib
creating /ros_bridge/src/install/map_loader/lib/python3.8/site-packages/map_loader
copying /ros_bridge/src/build/map_loader/build/lib/map_loader/__init__.py -> /ros_bridge/src/install/map_loader/lib/python3.8/site-packages/map_loader
copying /ros_bridge/src/build/map_loader/build/lib/map_loader/load_map.py -> /ros_bridge/src/install/map_loader/lib/python3.8/site-packages/map_loader
byte-compiling /ros_bridge/src/install/map_loader/lib/python3.8/site-packages/map_loader/__init__.py to __init__.cpython-38.pyc
byte-compiling /ros_bridge/src/install/map_loader/lib/python3.8/site-packages/map_loader/load_map.py to load_map.cpython-38.pyc
running install_data
creating /ros_bridge/src/install/map_loader/share/ament_index
creating /ros_bridge/src/install/map_loader/share/ament_index/resource_index
creating /ros_bridge/src/install/map_loader/share/ament_index/resource_index/packages
copying resource/map_loader -> /ros_bridge/src/install/map_loader/share/ament_index/resource_index/packages
copying package.xml -> /ros_bridge/src/install/map_loader/share/map_loader
creating /ros_bridge/src/install/map_loader/share/map_loader/map_loader
copying map_loader/generatedTrack.xodr -> /ros_bridge/src/install/map_loader/share/map_loader/map_loader
running install_egg_info
Copying ../build/map_loader/map_loader.egg-info to /ros_bridge/src/install/map_loader/lib/python3.8/site-packages/map_loader-0.0.0-py3.8.egg-info
running install_scripts
Installing load_map_node script to /ros_bridge/src/install/map_loader/lib/map_loader
writing list of installed files to '/ros_bridge/src/build/map_loader/install.log'
