[0.785s] Invoking command in '/ros_bridge/src/map_loader': AMENT_PREFIX_PATH=/ros_bridge/src/install/client_node:/ros_bridge/src/install/sensors_data:${AMENT_PREFIX_PATH} PYTHONPATH=/ros_bridge/src/build/map_loader/prefix_override:/ros_bridge/src/install/map_loader/lib/python3.8/site-packages:/ros_bridge/src/install/client_node/lib/python3.8/site-packages:/ros_bridge/src/install/sensors_data/lib/python3.8/site-packages:${PYTHONPATH} /usr/bin/python3 setup.py egg_info --egg-base ../build/map_loader build --build-base /ros_bridge/src/build/map_loader/build install --record /ros_bridge/src/build/map_loader/install.log --single-version-externally-managed
[0.950s] running egg_info
[0.953s] writing ../build/map_loader/map_loader.egg-info/PKG-INFO
[0.953s] writing dependency_links to ../build/map_loader/map_loader.egg-info/dependency_links.txt
[0.953s] writing entry points to ../build/map_loader/map_loader.egg-info/entry_points.txt
[0.953s] writing requirements to ../build/map_loader/map_loader.egg-info/requires.txt
[0.953s] writing top-level names to ../build/map_loader/map_loader.egg-info/top_level.txt
[0.980s] reading manifest file '../build/map_loader/map_loader.egg-info/SOURCES.txt'
[0.980s] writing manifest file '../build/map_loader/map_loader.egg-info/SOURCES.txt'
[0.980s] running build
[0.980s] running build_py
[0.980s] running install
[0.981s] running install_lib
[0.983s] running install_data
[0.983s] running install_egg_info
[0.984s] removing '/ros_bridge/src/install/map_loader/lib/python3.8/site-packages/map_loader-0.0.0-py3.8.egg-info' (and everything under it)
[0.984s] Copying ../build/map_loader/map_loader.egg-info to /ros_bridge/src/install/map_loader/lib/python3.8/site-packages/map_loader-0.0.0-py3.8.egg-info
[0.986s] running install_scripts
[1.000s] Installing load_map_node script to /ros_bridge/src/install/map_loader/lib/map_loader
[1.000s] writing list of installed files to '/ros_bridge/src/build/map_loader/install.log'
[1.029s] Invoked command in '/ros_bridge/src/map_loader' returned '0': AMENT_PREFIX_PATH=/ros_bridge/src/install/client_node:/ros_bridge/src/install/sensors_data:${AMENT_PREFIX_PATH} PYTHONPATH=/ros_bridge/src/build/map_loader/prefix_override:/ros_bridge/src/install/map_loader/lib/python3.8/site-packages:/ros_bridge/src/install/client_node/lib/python3.8/site-packages:/ros_bridge/src/install/sensors_data/lib/python3.8/site-packages:${PYTHONPATH} /usr/bin/python3 setup.py egg_info --egg-base ../build/map_loader build --build-base /ros_bridge/src/build/map_loader/build install --record /ros_bridge/src/build/map_loader/install.log --single-version-externally-managed
