running egg_info
creating ../build/ros_bridge_launch/ros_bridge_launch.egg-info
writing ../build/ros_bridge_launch/ros_bridge_launch.egg-info/PKG-INFO
writing dependency_links to ../build/ros_bridge_launch/ros_bridge_launch.egg-info/dependency_links.txt
writing entry points to ../build/ros_bridge_launch/ros_bridge_launch.egg-info/entry_points.txt
writing requirements to ../build/ros_bridge_launch/ros_bridge_launch.egg-info/requires.txt
writing top-level names to ../build/ros_bridge_launch/ros_bridge_launch.egg-info/top_level.txt
writing manifest file '../build/ros_bridge_launch/ros_bridge_launch.egg-info/SOURCES.txt'
reading manifest file '../build/ros_bridge_launch/ros_bridge_launch.egg-info/SOURCES.txt'
writing manifest file '../build/ros_bridge_launch/ros_bridge_launch.egg-info/SOURCES.txt'
running build
running build_py
creating /ros_bridge/src/build/ros_bridge_launch/build
creating /ros_bridge/src/build/ros_bridge_launch/build/lib
creating /ros_bridge/src/build/ros_bridge_launch/build/lib/ros_bridge_launch
copying ros_bridge_launch/__init__.py -> /ros_bridge/src/build/ros_bridge_launch/build/lib/ros_bridge_launch
running install
running install_lib
creating /ros_bridge/src/install/ros_bridge_launch/lib/python3.8/site-packages/ros_bridge_launch
copying /ros_bridge/src/build/ros_bridge_launch/build/lib/ros_bridge_launch/__init__.py -> /ros_bridge/src/install/ros_bridge_launch/lib/python3.8/site-packages/ros_bridge_launch
byte-compiling /ros_bridge/src/install/ros_bridge_launch/lib/python3.8/site-packages/ros_bridge_launch/__init__.py to __init__.cpython-38.pyc
running install_data
creating /ros_bridge/src/install/ros_bridge_launch/share/ament_index
creating /ros_bridge/src/install/ros_bridge_launch/share/ament_index/resource_index
creating /ros_bridge/src/install/ros_bridge_launch/share/ament_index/resource_index/packages
copying resource/ros_bridge_launch -> /ros_bridge/src/install/ros_bridge_launch/share/ament_index/resource_index/packages
copying package.xml -> /ros_bridge/src/install/ros_bridge_launch/share/ros_bridge_launch
creating /ros_bridge/src/install/ros_bridge_launch/share/ros_bridge_launch/launch
copying launch/system_launch.py -> /ros_bridge/src/install/ros_bridge_launch/share/ros_bridge_launch/launch
running install_egg_info
Copying ../build/ros_bridge_launch/ros_bridge_launch.egg-info to /ros_bridge/src/install/ros_bridge_launch/lib/python3.8/site-packages/ros_bridge_launch-0.0.0-py3.8.egg-info
running install_scripts
writing list of installed files to '/ros_bridge/src/build/ros_bridge_launch/install.log'
