[0.751s] Invoking command in '/ros_bridge/src/ros_bridge_launch': AMENT_PREFIX_PATH=/ros_bridge/src/install/client_node:/ros_bridge/src/install/sensors_data:${AMENT_PREFIX_PATH} PYTHONPATH=/ros_bridge/src/build/ros_bridge_launch/prefix_override:/ros_bridge/src/install/ros_bridge_launch/lib/python3.8/site-packages:/ros_bridge/src/install/client_node/lib/python3.8/site-packages:/ros_bridge/src/install/sensors_data/lib/python3.8/site-packages:${PYTHONPATH} /usr/bin/python3 setup.py egg_info --egg-base ../build/ros_bridge_launch build --build-base /ros_bridge/src/build/ros_bridge_launch/build install --record /ros_bridge/src/build/ros_bridge_launch/install.log --single-version-externally-managed
[0.926s] running egg_info
[0.927s] creating ../build/ros_bridge_launch/ros_bridge_launch.egg-info
[0.927s] writing ../build/ros_bridge_launch/ros_bridge_launch.egg-info/PKG-INFO
[0.928s] writing dependency_links to ../build/ros_bridge_launch/ros_bridge_launch.egg-info/dependency_links.txt
[0.928s] writing entry points to ../build/ros_bridge_launch/ros_bridge_launch.egg-info/entry_points.txt
[0.928s] writing requirements to ../build/ros_bridge_launch/ros_bridge_launch.egg-info/requires.txt
[0.928s] writing top-level names to ../build/ros_bridge_launch/ros_bridge_launch.egg-info/top_level.txt
[0.930s] writing manifest file '../build/ros_bridge_launch/ros_bridge_launch.egg-info/SOURCES.txt'
[0.958s] reading manifest file '../build/ros_bridge_launch/ros_bridge_launch.egg-info/SOURCES.txt'
[0.958s] writing manifest file '../build/ros_bridge_launch/ros_bridge_launch.egg-info/SOURCES.txt'
[0.959s] running build
[0.959s] running build_py
[0.959s] creating /ros_bridge/src/build/ros_bridge_launch/build
[0.959s] creating /ros_bridge/src/build/ros_bridge_launch/build/lib
[0.963s] creating /ros_bridge/src/build/ros_bridge_launch/build/lib/ros_bridge_launch
[0.963s] copying ros_bridge_launch/__init__.py -> /ros_bridge/src/build/ros_bridge_launch/build/lib/ros_bridge_launch
[0.963s] running install
[0.963s] running install_lib
[0.963s] creating /ros_bridge/src/install/ros_bridge_launch/lib/python3.8/site-packages/ros_bridge_launch
[0.963s] copying /ros_bridge/src/build/ros_bridge_launch/build/lib/ros_bridge_launch/__init__.py -> /ros_bridge/src/install/ros_bridge_launch/lib/python3.8/site-packages/ros_bridge_launch
[0.963s] byte-compiling /ros_bridge/src/install/ros_bridge_launch/lib/python3.8/site-packages/ros_bridge_launch/__init__.py to __init__.cpython-38.pyc
[0.963s] running install_data
[0.964s] creating /ros_bridge/src/install/ros_bridge_launch/share/ament_index
[0.964s] creating /ros_bridge/src/install/ros_bridge_launch/share/ament_index/resource_index
[0.964s] creating /ros_bridge/src/install/ros_bridge_launch/share/ament_index/resource_index/packages
[0.964s] copying resource/ros_bridge_launch -> /ros_bridge/src/install/ros_bridge_launch/share/ament_index/resource_index/packages
[0.964s] copying package.xml -> /ros_bridge/src/install/ros_bridge_launch/share/ros_bridge_launch
[0.964s] creating /ros_bridge/src/install/ros_bridge_launch/share/ros_bridge_launch/launch
[0.964s] copying launch/system_launch.py -> /ros_bridge/src/install/ros_bridge_launch/share/ros_bridge_launch/launch
[0.965s] running install_egg_info
[0.967s] Copying ../build/ros_bridge_launch/ros_bridge_launch.egg-info to /ros_bridge/src/install/ros_bridge_launch/lib/python3.8/site-packages/ros_bridge_launch-0.0.0-py3.8.egg-info
[0.968s] running install_scripts
[0.990s] writing list of installed files to '/ros_bridge/src/build/ros_bridge_launch/install.log'
[1.027s] Invoked command in '/ros_bridge/src/ros_bridge_launch' returned '0': AMENT_PREFIX_PATH=/ros_bridge/src/install/client_node:/ros_bridge/src/install/sensors_data:${AMENT_PREFIX_PATH} PYTHONPATH=/ros_bridge/src/build/ros_bridge_launch/prefix_override:/ros_bridge/src/install/ros_bridge_launch/lib/python3.8/site-packages:/ros_bridge/src/install/client_node/lib/python3.8/site-packages:/ros_bridge/src/install/sensors_data/lib/python3.8/site-packages:${PYTHONPATH} /usr/bin/python3 setup.py egg_info --egg-base ../build/ros_bridge_launch build --build-base /ros_bridge/src/build/ros_bridge_launch/build install --record /ros_bridge/src/build/ros_bridge_launch/install.log --single-version-externally-managed
