running egg_info
creating ../build/client_node/client_node.egg-info
writing ../build/client_node/client_node.egg-info/PKG-INFO
writing dependency_links to ../build/client_node/client_node.egg-info/dependency_links.txt
writing entry points to ../build/client_node/client_node.egg-info/entry_points.txt
writing requirements to ../build/client_node/client_node.egg-info/requires.txt
writing top-level names to ../build/client_node/client_node.egg-info/top_level.txt
writing manifest file '../build/client_node/client_node.egg-info/SOURCES.txt'
reading manifest file '../build/client_node/client_node.egg-info/SOURCES.txt'
writing manifest file '../build/client_node/client_node.egg-info/SOURCES.txt'
running build
running build_py
creating /ros_bridge/src/build/client_node/build
creating /ros_bridge/src/build/client_node/build/lib
creating /ros_bridge/src/build/client_node/build/lib/client_node
copying client_node/__init__.py -> /ros_bridge/src/build/client_node/build/lib/client_node
copying client_node/spawn_vehicle.py -> /ros_bridge/src/build/client_node/build/lib/client_node
running install
running install_lib
creating /ros_bridge/src/install/client_node/lib/python3.8/site-packages/client_node
copying /ros_bridge/src/build/client_node/build/lib/client_node/__init__.py -> /ros_bridge/src/install/client_node/lib/python3.8/site-packages/client_node
copying /ros_bridge/src/build/client_node/build/lib/client_node/spawn_vehicle.py -> /ros_bridge/src/install/client_node/lib/python3.8/site-packages/client_node
byte-compiling /ros_bridge/src/install/client_node/lib/python3.8/site-packages/client_node/__init__.py to __init__.cpython-38.pyc
byte-compiling /ros_bridge/src/install/client_node/lib/python3.8/site-packages/client_node/spawn_vehicle.py to spawn_vehicle.cpython-38.pyc
running install_data
creating /ros_bridge/src/install/client_node/share/ament_index
creating /ros_bridge/src/install/client_node/share/ament_index/resource_index
creating /ros_bridge/src/install/client_node/share/ament_index/resource_index/packages
copying resource/client_node -> /ros_bridge/src/install/client_node/share/ament_index/resource_index/packages
copying package.xml -> /ros_bridge/src/install/client_node/share/client_node
creating /ros_bridge/src/install/client_node/share/client_node/launch
copying launch/spawn_vehicle_launch.py -> /ros_bridge/src/install/client_node/share/client_node/launch
creating /ros_bridge/src/install/client_node/share/client_node/client_node
copying client_node/sensors_config.json -> /ros_bridge/src/install/client_node/share/client_node/client_node
running install_egg_info
Copying ../build/client_node/client_node.egg-info to /ros_bridge/src/install/client_node/lib/python3.8/site-packages/client_node-0.0.0-py3.8.egg-info
running install_scripts
Installing spawn_vehicle_node script to /ros_bridge/src/install/client_node/lib/client_node
writing list of installed files to '/ros_bridge/src/build/client_node/install.log'
