[1.372s] Invoking command in '/ros_bridge/src/sensors_data': PYTHONPATH=/ros_bridge/src/build/sensors_data/prefix_override:/ros_bridge/src/install/sensors_data/lib/python3.8/site-packages:${PYTHONPATH} /usr/bin/python3 setup.py egg_info --egg-base ../build/sensors_data build --build-base /ros_bridge/src/build/sensors_data/build install --record /ros_bridge/src/build/sensors_data/install.log --single-version-externally-managed
[1.572s] running egg_info
[1.573s] creating ../build/sensors_data/sensors_data.egg-info
[1.574s] writing ../build/sensors_data/sensors_data.egg-info/PKG-INFO
[1.575s] writing dependency_links to ../build/sensors_data/sensors_data.egg-info/dependency_links.txt
[1.576s] writing entry points to ../build/sensors_data/sensors_data.egg-info/entry_points.txt
[1.576s] writing requirements to ../build/sensors_data/sensors_data.egg-info/requires.txt
[1.576s] writing top-level names to ../build/sensors_data/sensors_data.egg-info/top_level.txt
[1.577s] writing manifest file '../build/sensors_data/sensors_data.egg-info/SOURCES.txt'
[1.612s] reading manifest file '../build/sensors_data/sensors_data.egg-info/SOURCES.txt'
[1.612s] writing manifest file '../build/sensors_data/sensors_data.egg-info/SOURCES.txt'
[1.612s] running build
[1.612s] running build_py
[1.612s] creating /ros_bridge/src/build/sensors_data/build
[1.612s] creating /ros_bridge/src/build/sensors_data/build/lib
[1.612s] creating /ros_bridge/src/build/sensors_data/build/lib/sensors_data
[1.612s] copying sensors_data/gnss.py -> /ros_bridge/src/build/sensors_data/build/lib/sensors_data
[1.612s] copying sensors_data/__init__.py -> /ros_bridge/src/build/sensors_data/build/lib/sensors_data
[1.612s] copying sensors_data/lidar.py -> /ros_bridge/src/build/sensors_data/build/lib/sensors_data
[1.612s] copying sensors_data/rgb_camera.py -> /ros_bridge/src/build/sensors_data/build/lib/sensors_data
[1.612s] copying sensors_data/imu.py -> /ros_bridge/src/build/sensors_data/build/lib/sensors_data
[1.612s] running install
[1.612s] running install_lib
[1.614s] creating /ros_bridge/src/install/sensors_data/lib/python3.8/site-packages/sensors_data
[1.620s] copying /ros_bridge/src/build/sensors_data/build/lib/sensors_data/gnss.py -> /ros_bridge/src/install/sensors_data/lib/python3.8/site-packages/sensors_data
[1.621s] copying /ros_bridge/src/build/sensors_data/build/lib/sensors_data/__init__.py -> /ros_bridge/src/install/sensors_data/lib/python3.8/site-packages/sensors_data
[1.621s] copying /ros_bridge/src/build/sensors_data/build/lib/sensors_data/lidar.py -> /ros_bridge/src/install/sensors_data/lib/python3.8/site-packages/sensors_data
[1.621s] copying /ros_bridge/src/build/sensors_data/build/lib/sensors_data/rgb_camera.py -> /ros_bridge/src/install/sensors_data/lib/python3.8/site-packages/sensors_data
[1.621s] copying /ros_bridge/src/build/sensors_data/build/lib/sensors_data/imu.py -> /ros_bridge/src/install/sensors_data/lib/python3.8/site-packages/sensors_data
[1.621s] byte-compiling /ros_bridge/src/install/sensors_data/lib/python3.8/site-packages/sensors_data/gnss.py to gnss.cpython-38.pyc
[1.621s] byte-compiling /ros_bridge/src/install/sensors_data/lib/python3.8/site-packages/sensors_data/__init__.py to __init__.cpython-38.pyc
[1.621s] byte-compiling /ros_bridge/src/install/sensors_data/lib/python3.8/site-packages/sensors_data/lidar.py to lidar.cpython-38.pyc
[1.621s] byte-compiling /ros_bridge/src/install/sensors_data/lib/python3.8/site-packages/sensors_data/rgb_camera.py to rgb_camera.cpython-38.pyc
[1.621s] byte-compiling /ros_bridge/src/install/sensors_data/lib/python3.8/site-packages/sensors_data/imu.py to imu.cpython-38.pyc
[1.621s] running install_data
[1.621s] creating /ros_bridge/src/install/sensors_data/share/ament_index
[1.621s] creating /ros_bridge/src/install/sensors_data/share/ament_index/resource_index
[1.621s] creating /ros_bridge/src/install/sensors_data/share/ament_index/resource_index/packages
[1.621s] copying resource/sensors_data -> /ros_bridge/src/install/sensors_data/share/ament_index/resource_index/packages
[1.621s] copying package.xml -> /ros_bridge/src/install/sensors_data/share/sensors_data
[1.621s] running install_egg_info
[1.626s] Copying ../build/sensors_data/sensors_data.egg-info to /ros_bridge/src/install/sensors_data/lib/python3.8/site-packages/sensors_data-0.0.0-py3.8.egg-info
[1.640s] running install_scripts
[1.677s] writing list of installed files to '/ros_bridge/src/build/sensors_data/install.log'
[1.746s] Invoked command in '/ros_bridge/src/sensors_data' returned '0': PYTHONPATH=/ros_bridge/src/build/sensors_data/prefix_override:/ros_bridge/src/install/sensors_data/lib/python3.8/site-packages:${PYTHONPATH} /usr/bin/python3 setup.py egg_info --egg-base ../build/sensors_data build --build-base /ros_bridge/src/build/sensors_data/build install --record /ros_bridge/src/build/sensors_data/install.log --single-version-externally-managed
