[0.815s] Invoking command in '/ros_bridge/src/ros_bridge_launch': AMENT_PREFIX_PATH=/ros_bridge/src/install/client_node:/ros_bridge/src/install/sensors_data:${AMENT_PREFIX_PATH} PYTHONPATH=/ros_bridge/src/build/ros_bridge_launch/prefix_override:/ros_bridge/src/install/ros_bridge_launch/lib/python3.8/site-packages:/ros_bridge/src/install/client_node/lib/python3.8/site-packages:/ros_bridge/src/install/sensors_data/lib/python3.8/site-packages:${PYTHONPATH} /usr/bin/python3 setup.py egg_info --egg-base ../build/ros_bridge_launch build --build-base /ros_bridge/src/build/ros_bridge_launch/build install --record /ros_bridge/src/build/ros_bridge_launch/install.log --single-version-externally-managed
[0.999s] running egg_info
[1.000s] writing ../build/ros_bridge_launch/ros_bridge_launch.egg-info/PKG-INFO
[1.000s] writing dependency_links to ../build/ros_bridge_launch/ros_bridge_launch.egg-info/dependency_links.txt
[1.000s] writing entry points to ../build/ros_bridge_launch/ros_bridge_launch.egg-info/entry_points.txt
[1.000s] writing requirements to ../build/ros_bridge_launch/ros_bridge_launch.egg-info/requires.txt
[1.001s] writing top-level names to ../build/ros_bridge_launch/ros_bridge_launch.egg-info/top_level.txt
[1.031s] reading manifest file '../build/ros_bridge_launch/ros_bridge_launch.egg-info/SOURCES.txt'
[1.032s] writing manifest file '../build/ros_bridge_launch/ros_bridge_launch.egg-info/SOURCES.txt'
[1.032s] running build
[1.032s] running build_py
[1.032s] running install
[1.033s] running install_lib
[1.035s] running install_data
[1.035s] running install_egg_info
[1.037s] removing '/ros_bridge/src/install/ros_bridge_launch/lib/python3.8/site-packages/ros_bridge_launch-0.0.0-py3.8.egg-info' (and everything under it)
[1.037s] Copying ../build/ros_bridge_launch/ros_bridge_launch.egg-info to /ros_bridge/src/install/ros_bridge_launch/lib/python3.8/site-packages/ros_bridge_launch-0.0.0-py3.8.egg-info
[1.038s] running install_scripts
[1.054s] writing list of installed files to '/ros_bridge/src/build/ros_bridge_launch/install.log'
[1.084s] Invoked command in '/ros_bridge/src/ros_bridge_launch' returned '0': AMENT_PREFIX_PATH=/ros_bridge/src/install/client_node:/ros_bridge/src/install/sensors_data:${AMENT_PREFIX_PATH} PYTHONPATH=/ros_bridge/src/build/ros_bridge_launch/prefix_override:/ros_bridge/src/install/ros_bridge_launch/lib/python3.8/site-packages:/ros_bridge/src/install/client_node/lib/python3.8/site-packages:/ros_bridge/src/install/sensors_data/lib/python3.8/site-packages:${PYTHONPATH} /usr/bin/python3 setup.py egg_info --egg-base ../build/ros_bridge_launch build --build-base /ros_bridge/src/build/ros_bridge_launch/build install --record /ros_bridge/src/build/ros_bridge_launch/install.log --single-version-externally-managed
