[1.484s] Invoking command in '/ros_bridge/src/data_process_node': PYTHONPATH=/ros_bridge/src/build/data_process_node/prefix_override:/ros_bridge/src/install/data_process_node/lib/python3.8/site-packages:${PYTHONPATH} /usr/bin/python3 setup.py egg_info --egg-base ../build/data_process_node build --build-base /ros_bridge/src/build/data_process_node/build install --record /ros_bridge/src/build/data_process_node/install.log --single-version-externally-managed
[1.754s] running egg_info
[1.754s] creating ../build/data_process_node/data_process_node.egg-info
[1.754s] writing ../build/data_process_node/data_process_node.egg-info/PKG-INFO
[1.754s] writing dependency_links to ../build/data_process_node/data_process_node.egg-info/dependency_links.txt
[1.754s] writing entry points to ../build/data_process_node/data_process_node.egg-info/entry_points.txt
[1.754s] writing requirements to ../build/data_process_node/data_process_node.egg-info/requires.txt
[1.754s] writing top-level names to ../build/data_process_node/data_process_node.egg-info/top_level.txt
[1.754s] writing manifest file '../build/data_process_node/data_process_node.egg-info/SOURCES.txt'
[1.778s] reading manifest file '../build/data_process_node/data_process_node.egg-info/SOURCES.txt'
[1.778s] writing manifest file '../build/data_process_node/data_process_node.egg-info/SOURCES.txt'
[1.778s] running build
[1.778s] running build_py
[1.778s] creating /ros_bridge/src/build/data_process_node/build
[1.778s] creating /ros_bridge/src/build/data_process_node/build/lib
[1.778s] creating /ros_bridge/src/build/data_process_node/build/lib/data_process_node
[1.778s] copying data_process_node/__init__.py -> /ros_bridge/src/build/data_process_node/build/lib/data_process_node
[1.778s] copying data_process_node/data_process.py -> /ros_bridge/src/build/data_process_node/build/lib/data_process_node
[1.778s] running install
[1.778s] running install_lib
[1.779s] creating /ros_bridge/src/install/data_process_node/lib/python3.8/site-packages/data_process_node
[1.794s] copying /ros_bridge/src/build/data_process_node/build/lib/data_process_node/__init__.py -> /ros_bridge/src/install/data_process_node/lib/python3.8/site-packages/data_process_node
[1.794s] copying /ros_bridge/src/build/data_process_node/build/lib/data_process_node/data_process.py -> /ros_bridge/src/install/data_process_node/lib/python3.8/site-packages/data_process_node
[1.794s] byte-compiling /ros_bridge/src/install/data_process_node/lib/python3.8/site-packages/data_process_node/__init__.py to __init__.cpython-38.pyc
[1.794s] byte-compiling /ros_bridge/src/install/data_process_node/lib/python3.8/site-packages/data_process_node/data_process.py to data_process.cpython-38.pyc
[1.794s] running install_data
[1.794s] creating /ros_bridge/src/install/data_process_node/share/ament_index
[1.794s] creating /ros_bridge/src/install/data_process_node/share/ament_index/resource_index
[1.794s] creating /ros_bridge/src/install/data_process_node/share/ament_index/resource_index/packages
[1.794s] copying resource/data_process_node -> /ros_bridge/src/install/data_process_node/share/ament_index/resource_index/packages
[1.794s] copying package.xml -> /ros_bridge/src/install/data_process_node/share/data_process_node
[1.794s] running install_egg_info
[1.794s] Copying ../build/data_process_node/data_process_node.egg-info to /ros_bridge/src/install/data_process_node/lib/python3.8/site-packages/data_process_node-0.0.0-py3.8.egg-info
[1.794s] running install_scripts
[1.801s] Installing data_process script to /ros_bridge/src/install/data_process_node/lib/data_process_node
[1.803s] writing list of installed files to '/ros_bridge/src/build/data_process_node/install.log'
[1.997s] Invoked command in '/ros_bridge/src/data_process_node' returned '0': PYTHONPATH=/ros_bridge/src/build/data_process_node/prefix_override:/ros_bridge/src/install/data_process_node/lib/python3.8/site-packages:${PYTHONPATH} /usr/bin/python3 setup.py egg_info --egg-base ../build/data_process_node build --build-base /ros_bridge/src/build/data_process_node/build install --record /ros_bridge/src/build/data_process_node/install.log --single-version-externally-managed
